<?xml version="1.0" encoding="utf-8"?><testsuites name="pytest tests"><testsuite name="pytest" errors="0" failures="0" skipped="0" tests="8" time="19.924" timestamp="2026-05-16T18:56:11.929016+00:00" hostname="agent-env-e44efa43-2739-45c4-bdbc-54c6db527e43"><testcase classname="tests.test_assistant.TestAssistantBasic" name="test_assistant_404_unknown_retailer" time="0.221" /><testcase classname="tests.test_assistant.TestAssistantBasic" name="test_assistant_running_out" time="6.188" /><testcase classname="tests.test_assistant.TestAssistantScope" name="test_does_not_leak_other_retailers" time="2.152" /><testcase classname="tests.test_assistant.TestAssistantAction" name="test_explicit_reorder_emits_action" time="1.855" /><testcase classname="tests.test_assistant.TestAssistantMultiTurn" name="test_clarifying_then_action" time="8.493" /><testcase classname="tests.test_assistant.TestAssistantExecute" name="test_execute_reorder_creates_request_and_persists" time="0.430" /><testcase classname="tests.test_assistant.TestAssistantExecute" name="test_execute_unresolved_product" time="0.117" /><testcase classname="tests.test_assistant.TestShipmentReorderEndpoint" name="test_post_requests_for_retailer" time="0.359" /></testsuite></testsuites>