<?xml version="1.0" encoding="utf-8"?><testsuites name="pytest tests"><testsuite name="pytest" errors="0" failures="0" skipped="0" tests="22" time="28.151" timestamp="2026-05-27T09:27:25.511388+00:00" hostname="agent-env-e44efa43-2739-45c4-bdbc-54c6db527e43"><testcase classname="backend.tests.test_auth.TestDemoAccounts" name="test_demo_accounts_public" time="1.291" /><testcase classname="backend.tests.test_auth.TestLogin" name="test_login_success_super_admin" time="0.356" /><testcase classname="backend.tests.test_auth.TestLogin" name="test_login_success_manufacturer" time="0.383" /><testcase classname="backend.tests.test_auth.TestLogin" name="test_login_success_distributor" time="0.348" /><testcase classname="backend.tests.test_auth.TestLogin" name="test_login_success_retailer" time="0.363" /><testcase classname="backend.tests.test_auth.TestLogin" name="test_login_bad_password" time="0.351" /><testcase classname="backend.tests.test_auth.TestLogin" name="test_login_unknown_email" time="0.106" /><testcase classname="backend.tests.test_auth.TestMe" name="test_me_with_token" time="18.346" /><testcase classname="backend.tests.test_auth.TestMe" name="test_me_no_token" time="0.122" /><testcase classname="backend.tests.test_auth.TestMe" name="test_me_with_tenant_resolved_for_distributor" time="0.383" /><testcase classname="backend.tests.test_auth.TestRefreshLogout" name="test_refresh_with_cookie" time="0.397" /><testcase classname="backend.tests.test_auth.TestRefreshLogout" name="test_refresh_with_body" time="0.430" /><testcase classname="backend.tests.test_auth.TestRefreshLogout" name="test_refresh_no_token" time="0.101" /><testcase classname="backend.tests.test_auth.TestRefreshLogout" name="test_logout_clears_cookies" time="0.472" /><testcase classname="backend.tests.test_auth.TestImpersonation" name="test_super_admin_can_impersonate" time="0.434" /><testcase classname="backend.tests.test_auth.TestImpersonation" name="test_non_admin_cannot_impersonate" time="0.372" /><testcase classname="backend.tests.test_auth.TestListUsers" name="test_super_admin_sees_all" time="0.384" /><testcase classname="backend.tests.test_auth.TestListUsers" name="test_retailer_forbidden" time="0.370" /><testcase classname="backend.tests.test_auth.TestListUsers" name="test_distributor_forbidden" time="0.371" /><testcase classname="backend.tests.test_auth.TestListUsers" name="test_manufacturer_sees_own_tenant" time="0.377" /><testcase classname="backend.tests.test_auth.TestSmokeProtectedEndpoints" name="test_shipments_loads_for_manufacturer" time="0.475" /><testcase classname="backend.tests.test_auth.TestLockout" name="test_lockout_after_5_failures" time="1.814" /></testsuite></testsuites>