<?xml version="1.0" encoding="utf-8"?><testsuites name="pytest tests"><testsuite name="pytest" errors="0" failures="0" skipped="0" tests="13" time="27.449" timestamp="2026-06-12T08:58:14.128359+00:00" hostname="agent-env-e44efa43-2739-45c4-bdbc-54c6db527e43"><testcase classname="backend.tests.test_control_tower.TestControlTower" name="test_payload_shape" time="12.042" /><testcase classname="backend.tests.test_control_tower.TestControlTower" name="test_warehouse_has_utilization" time="3.405" /><testcase classname="backend.tests.test_control_tower.TestControlTower" name="test_distributor_403" time="0.778" /><testcase classname="backend.tests.test_control_tower.TestControlTower" name="test_wholesaler_403" time="0.734" /><testcase classname="backend.tests.test_control_tower.TestEvents" name="test_list_default" time="0.491" /><testcase classname="backend.tests.test_control_tower.TestEvents" name="test_filter_severity" time="0.414" /><testcase classname="backend.tests.test_control_tower.TestEvents" name="test_filter_category" time="0.451" /><testcase classname="backend.tests.test_control_tower.TestEvents" name="test_ack_404" time="0.311" /><testcase classname="backend.tests.test_control_tower.TestEvents" name="test_ack_real_event" time="0.766" /><testcase classname="backend.tests.test_control_tower.TestShipmentTimeline" name="test_404_unknown" time="0.316" /><testcase classname="backend.tests.test_control_tower.TestShipmentTimeline" name="test_real_shipment_timeline" time="3.896" /><testcase classname="backend.tests.test_control_tower.TestGeofences" name="test_list" time="0.305" /><testcase classname="backend.tests.test_control_tower.TestRoutingUpgrade" name="test_vehicles_have_google_polylines" time="3.434" /></testsuite></testsuites>