<?xml version="1.0" encoding="utf-8"?><testsuites name="pytest tests"><testsuite name="pytest" errors="0" failures="0" skipped="0" tests="14" time="0.776" timestamp="2026-06-04T17:02:41.178684+00:00" hostname="agent-env-e44efa43-2739-45c4-bdbc-54c6db527e43"><testcase classname="backend.tests.test_distributor_intelligence.TestShape" name="test_status_and_top_level_keys" time="0.492" /><testcase classname="backend.tests.test_distributor_intelligence.TestShape" name="test_distributor_block" time="0.000" /><testcase classname="backend.tests.test_distributor_intelligence.TestShape" name="test_kpis_all_six" time="0.000" /><testcase classname="backend.tests.test_distributor_intelligence.TestShape" name="test_ai_brief" time="0.000" /><testcase classname="backend.tests.test_distributor_intelligence.TestUnitsAggregation" name="test_matrix_has_units" time="0.000" /><testcase classname="backend.tests.test_distributor_intelligence.TestUnitsAggregation" name="test_best_supermarket_units" time="0.000" /><testcase classname="backend.tests.test_distributor_intelligence.TestUnitsAggregation" name="test_quadrants_present" time="0.000" /><testcase classname="backend.tests.test_distributor_intelligence.TestCoverageAndLists" name="test_coverage_bands" time="0.000" /><testcase classname="backend.tests.test_distributor_intelligence.TestCoverageAndLists" name="test_top_retailers_capped" time="0.000" /><testcase classname="backend.tests.test_distributor_intelligence.TestCoverageAndLists" name="test_attention_list_capped" time="0.000" /><testcase classname="backend.tests.test_distributor_intelligence.TestCoverageAndLists" name="test_product_penetration_keys" time="0.000" /><testcase classname="backend.tests.test_distributor_intelligence.TestCoverageAndLists" name="test_retailer_table_health_labels" time="0.007" /><testcase classname="backend.tests.test_distributor_intelligence.TestAuthorisation" name="test_404_on_foreign_distributor" time="0.047" /><testcase classname="backend.tests.test_distributor_intelligence.TestEmptyDistributor" name="test_empty_distributor_ok" time="0.055" /></testsuite></testsuites>