<?xml version="1.0" encoding="utf-8"?><testsuites name="pytest tests"><testsuite name="pytest" errors="0" failures="0" skipped="0" tests="13" time="1.014" timestamp="2026-06-05T21:08:41.297546+00:00" hostname="agent-env-e44efa43-2739-45c4-bdbc-54c6db527e43"><testcase classname="backend.tests.test_distributor_os.TestDistributorOps" name="test_endpoint_200" time="0.315" /><testcase classname="backend.tests.test_distributor_os.TestDistributorOps" name="test_payload_shape" time="0.052" /><testcase classname="backend.tests.test_distributor_os.TestDistributorOps" name="test_six_kpis" time="0.051" /><testcase classname="backend.tests.test_distributor_os.TestDistributorOps" name="test_revenue_trend_30_days" time="0.050" /><testcase classname="backend.tests.test_distributor_os.TestDistributorOps" name="test_ai_brief_present" time="0.049" /><testcase classname="backend.tests.test_distributor_os.TestDistributorOps" name="test_performance_matrix_quadrants" time="0.050" /><testcase classname="backend.tests.test_distributor_os.TestDistributorOps" name="test_quadrant_counts_match_matrix" time="0.050" /><testcase classname="backend.tests.test_distributor_os.TestDistributorOps" name="test_inventory_health_donut" time="0.051" /><testcase classname="backend.tests.test_distributor_os.TestDistributorOps" name="test_order_pipeline_keys" time="0.057" /><testcase classname="backend.tests.test_distributor_os.TestDistributorOps" name="test_network_health_band" time="0.054" /><testcase classname="backend.tests.test_distributor_os.TestDistributorOps" name="test_unknown_distributor_404" time="0.055" /><testcase classname="backend.tests.test_distributor_os.TestDistributorOps" name="test_snapshot_envelope_present" time="0.055" /><testcase classname="backend.tests.test_distributor_os.TestDistributorOps" name="test_refresh_returns_fresh" time="0.060" /></testsuite></testsuites>