<?xml version="1.0" encoding="utf-8"?><testsuites name="pytest tests"><testsuite name="pytest" errors="0" failures="1" skipped="21" tests="34" time="33.882" timestamp="2026-06-26T12:15:22.164629+00:00" hostname="agent-env-e44efa43-2739-45c4-bdbc-54c6db527e43"><testcase classname="backend.tests.test_e2e_business_audit.TestPhase1Manufacturer" name="test_overview" time="1.009"><skipped type="pytest.skip" message="login failed for unilever@tradekonekt.io: 502 &lt;!DOCTYPE html&gt;&#10;&lt;!--[if lt IE 7]&gt; &lt;html class=&quot;no-js ie6 oldie&quot; lang=&quot;en-US&quot;&gt; &lt;![endif]--&gt;&#10;&lt;!--[if IE 7]&gt;    &lt;html class=&quot;no-js ie7 oldie&quot; lang=&quot;en-US">/app/backend/tests/test_e2e_business_audit.py:106: login failed for unilever@tradekonekt.io: 502 &lt;!DOCTYPE html&gt;
&lt;!--[if lt IE 7]&gt; &lt;html class="no-js ie6 oldie" lang="en-US"&gt; &lt;![endif]--&gt;
&lt;!--[if IE 7]&gt;    &lt;html class="no-js ie7 oldie" lang="en-US</skipped></testcase><testcase classname="backend.tests.test_e2e_business_audit.TestPhase1Manufacturer" name="test_products_crud_read" time="0.000"><skipped type="pytest.skip" message="login failed for unilever@tradekonekt.io: 502 &lt;!DOCTYPE html&gt;&#10;&lt;!--[if lt IE 7]&gt; &lt;html class=&quot;no-js ie6 oldie&quot; lang=&quot;en-US&quot;&gt; &lt;![endif]--&gt;&#10;&lt;!--[if IE 7]&gt;    &lt;html class=&quot;no-js ie7 oldie&quot; lang=&quot;en-US">/app/backend/tests/test_e2e_business_audit.py:112: login failed for unilever@tradekonekt.io: 502 &lt;!DOCTYPE html&gt;
&lt;!--[if lt IE 7]&gt; &lt;html class="no-js ie6 oldie" lang="en-US"&gt; &lt;![endif]--&gt;
&lt;!--[if IE 7]&gt;    &lt;html class="no-js ie7 oldie" lang="en-US</skipped></testcase><testcase classname="backend.tests.test_e2e_business_audit.TestPhase1Manufacturer" name="test_distributor_network" time="0.000"><skipped type="pytest.skip" message="login failed for unilever@tradekonekt.io: 502 &lt;!DOCTYPE html&gt;&#10;&lt;!--[if lt IE 7]&gt; &lt;html class=&quot;no-js ie6 oldie&quot; lang=&quot;en-US&quot;&gt; &lt;![endif]--&gt;&#10;&lt;!--[if IE 7]&gt;    &lt;html class=&quot;no-js ie7 oldie&quot; lang=&quot;en-US">/app/backend/tests/test_e2e_business_audit.py:120: login failed for unilever@tradekonekt.io: 502 &lt;!DOCTYPE html&gt;
&lt;!--[if lt IE 7]&gt; &lt;html class="no-js ie6 oldie" lang="en-US"&gt; &lt;![endif]--&gt;
&lt;!--[if IE 7]&gt;    &lt;html class="no-js ie7 oldie" lang="en-US</skipped></testcase><testcase classname="backend.tests.test_e2e_business_audit.TestPhase1Manufacturer" name="test_distributor_orders_visibility" time="0.000"><skipped type="pytest.skip" message="login failed for unilever@tradekonekt.io: 502 &lt;!DOCTYPE html&gt;&#10;&lt;!--[if lt IE 7]&gt; &lt;html class=&quot;no-js ie6 oldie&quot; lang=&quot;en-US&quot;&gt; &lt;![endif]--&gt;&#10;&lt;!--[if IE 7]&gt;    &lt;html class=&quot;no-js ie7 oldie&quot; lang=&quot;en-US">/app/backend/tests/test_e2e_business_audit.py:131: login failed for unilever@tradekonekt.io: 502 &lt;!DOCTYPE html&gt;
&lt;!--[if lt IE 7]&gt; &lt;html class="no-js ie6 oldie" lang="en-US"&gt; &lt;![endif]--&gt;
&lt;!--[if IE 7]&gt;    &lt;html class="no-js ie7 oldie" lang="en-US</skipped></testcase><testcase classname="backend.tests.test_e2e_business_audit.TestPhase2Distributor" name="test_operations_intelligence" time="16.008" /><testcase classname="backend.tests.test_e2e_business_audit.TestPhase2Distributor" name="test_wholesaler_network_three" time="2.010" /><testcase classname="backend.tests.test_e2e_business_audit.TestPhase3Wholesaler" name="test_inventory" time="2.126" /><testcase classname="backend.tests.test_e2e_business_audit.TestPhase3Wholesaler" name="test_orders_dashboard" time="0.524" /><testcase classname="backend.tests.test_e2e_business_audit.TestPhase3Wholesaler" name="test_customer_orders" time="0.756" /><testcase classname="backend.tests.test_e2e_business_audit.TestPhase4bSalePropagation" name="test_create_sale_and_verify_propagation" time="5.665" /><testcase classname="backend.tests.test_e2e_business_audit.TestPhase4RetailerOfflineSmoke" name="test_cursors_present" time="0.621" /><testcase classname="backend.tests.test_e2e_business_audit.TestPhase4RetailerOfflineSmoke" name="test_inventory_adjust_atomic" time="0.719" /><testcase classname="backend.tests.test_e2e_business_audit.TestPhase5Driver" name="test_driver_me" time="1.072" /><testcase classname="backend.tests.test_e2e_business_audit.TestPhase6Fleet" name="test_fleet_overview_manufacturer" time="0.000"><skipped type="pytest.skip" message="login failed for unilever@tradekonekt.io: 502 &lt;!DOCTYPE html&gt;&#10;&lt;!--[if lt IE 7]&gt; &lt;html class=&quot;no-js ie6 oldie&quot; lang=&quot;en-US&quot;&gt; &lt;![endif]--&gt;&#10;&lt;!--[if IE 7]&gt;    &lt;html class=&quot;no-js ie7 oldie&quot; lang=&quot;en-US">/app/backend/tests/test_e2e_business_audit.py:381: login failed for unilever@tradekonekt.io: 502 &lt;!DOCTYPE html&gt;
&lt;!--[if lt IE 7]&gt; &lt;html class="no-js ie6 oldie" lang="en-US"&gt; &lt;![endif]--&gt;
&lt;!--[if IE 7]&gt;    &lt;html class="no-js ie7 oldie" lang="en-US</skipped></testcase><testcase classname="backend.tests.test_e2e_business_audit.TestPhase6Fleet" name="test_drivers_workload" time="0.000"><skipped type="pytest.skip" message="login failed for unilever@tradekonekt.io: 502 &lt;!DOCTYPE html&gt;&#10;&lt;!--[if lt IE 7]&gt; &lt;html class=&quot;no-js ie6 oldie&quot; lang=&quot;en-US&quot;&gt; &lt;![endif]--&gt;&#10;&lt;!--[if IE 7]&gt;    &lt;html class=&quot;no-js ie7 oldie&quot; lang=&quot;en-US">/app/backend/tests/test_e2e_business_audit.py:385: login failed for unilever@tradekonekt.io: 502 &lt;!DOCTYPE html&gt;
&lt;!--[if lt IE 7]&gt; &lt;html class="no-js ie6 oldie" lang="en-US"&gt; &lt;![endif]--&gt;
&lt;!--[if IE 7]&gt;    &lt;html class="no-js ie7 oldie" lang="en-US</skipped></testcase><testcase classname="backend.tests.test_e2e_business_audit.TestPhase6Fleet" name="test_vehicles_utilization" time="0.000"><skipped type="pytest.skip" message="login failed for unilever@tradekonekt.io: 502 &lt;!DOCTYPE html&gt;&#10;&lt;!--[if lt IE 7]&gt; &lt;html class=&quot;no-js ie6 oldie&quot; lang=&quot;en-US&quot;&gt; &lt;![endif]--&gt;&#10;&lt;!--[if IE 7]&gt;    &lt;html class=&quot;no-js ie7 oldie&quot; lang=&quot;en-US">/app/backend/tests/test_e2e_business_audit.py:389: login failed for unilever@tradekonekt.io: 502 &lt;!DOCTYPE html&gt;
&lt;!--[if lt IE 7]&gt; &lt;html class="no-js ie6 oldie" lang="en-US"&gt; &lt;![endif]--&gt;
&lt;!--[if IE 7]&gt;    &lt;html class="no-js ie7 oldie" lang="en-US</skipped></testcase><testcase classname="backend.tests.test_e2e_business_audit.TestPhase6Fleet" name="test_compliance_board" time="0.000"><skipped type="pytest.skip" message="login failed for unilever@tradekonekt.io: 502 &lt;!DOCTYPE html&gt;&#10;&lt;!--[if lt IE 7]&gt; &lt;html class=&quot;no-js ie6 oldie&quot; lang=&quot;en-US&quot;&gt; &lt;![endif]--&gt;&#10;&lt;!--[if IE 7]&gt;    &lt;html class=&quot;no-js ie7 oldie&quot; lang=&quot;en-US">/app/backend/tests/test_e2e_business_audit.py:393: login failed for unilever@tradekonekt.io: 502 &lt;!DOCTYPE html&gt;
&lt;!--[if lt IE 7]&gt; &lt;html class="no-js ie6 oldie" lang="en-US"&gt; &lt;![endif]--&gt;
&lt;!--[if IE 7]&gt;    &lt;html class="no-js ie7 oldie" lang="en-US</skipped></testcase><testcase classname="backend.tests.test_e2e_business_audit.TestPhase6Fleet" name="test_distributor_fleet_visibility" time="2.084" /><testcase classname="backend.tests.test_e2e_business_audit.TestPhase7Dispatch" name="test_shipments_list" time="0.000"><skipped type="pytest.skip" message="login failed for unilever@tradekonekt.io: 502 &lt;!DOCTYPE html&gt;&#10;&lt;!--[if lt IE 7]&gt; &lt;html class=&quot;no-js ie6 oldie&quot; lang=&quot;en-US&quot;&gt; &lt;![endif]--&gt;&#10;&lt;!--[if IE 7]&gt;    &lt;html class=&quot;no-js ie7 oldie&quot; lang=&quot;en-US">/app/backend/tests/test_e2e_business_audit.py:406: login failed for unilever@tradekonekt.io: 502 &lt;!DOCTYPE html&gt;
&lt;!--[if lt IE 7]&gt; &lt;html class="no-js ie6 oldie" lang="en-US"&gt; &lt;![endif]--&gt;
&lt;!--[if IE 7]&gt;    &lt;html class="no-js ie7 oldie" lang="en-US</skipped></testcase><testcase classname="backend.tests.test_e2e_business_audit.TestPhase8LogisticsCC" name="test_control_tower_shape" time="0.000"><skipped type="pytest.skip" message="login failed for unilever@tradekonekt.io: 502 &lt;!DOCTYPE html&gt;&#10;&lt;!--[if lt IE 7]&gt; &lt;html class=&quot;no-js ie6 oldie&quot; lang=&quot;en-US&quot;&gt; &lt;![endif]--&gt;&#10;&lt;!--[if IE 7]&gt;    &lt;html class=&quot;no-js ie7 oldie&quot; lang=&quot;en-US">/app/backend/tests/test_e2e_business_audit.py:415: login failed for unilever@tradekonekt.io: 502 &lt;!DOCTYPE html&gt;
&lt;!--[if lt IE 7]&gt; &lt;html class="no-js ie6 oldie" lang="en-US"&gt; &lt;![endif]--&gt;
&lt;!--[if IE 7]&gt;    &lt;html class="no-js ie7 oldie" lang="en-US</skipped></testcase><testcase classname="backend.tests.test_e2e_business_audit.TestPhase10Failure" name="test_cross_tenant_403" time="0.358"><failure message="Failed: P0 CROSS-TENANT LEAK: /api/retailer/92aacb58-f802-2b72-5393-232bce704e8a/sales returned 44 rows with retailer_id=92aacb58-f802-2b72-5393-232bce704e8a (not the caller's). Endpoint is scoping by JWT entity_id and ignoring path param OR scoping by path param without ownership check.">E   Failed: P0 CROSS-TENANT LEAK: /api/retailer/92aacb58-f802-2b72-5393-232bce704e8a/sales returned 44 rows with retailer_id=92aacb58-f802-2b72-5393-232bce704e8a (not the caller's). Endpoint is scoping by JWT entity_id and ignoring path param OR scoping by path param without ownership check.</failure></testcase><testcase classname="backend.tests.test_e2e_business_audit.TestPhase10Failure" name="test_idempotency_same_key_different_body_409" time="0.832" /><testcase classname="backend.tests.test_e2e_business_audit.TestPhase11MissingCapabilities" name="test_capability_endpoint[/analytics/demand-planning-Demand Planning]" time="0.000"><skipped type="pytest.skip" message="login failed for unilever@tradekonekt.io: 502 &lt;!DOCTYPE html&gt;&#10;&lt;!--[if lt IE 7]&gt; &lt;html class=&quot;no-js ie6 oldie&quot; lang=&quot;en-US&quot;&gt; &lt;![endif]--&gt;&#10;&lt;!--[if IE 7]&gt;    &lt;html class=&quot;no-js ie7 oldie&quot; lang=&quot;en-US">/app/backend/tests/test_e2e_business_audit.py:482: login failed for unilever@tradekonekt.io: 502 &lt;!DOCTYPE html&gt;
&lt;!--[if lt IE 7]&gt; &lt;html class="no-js ie6 oldie" lang="en-US"&gt; &lt;![endif]--&gt;
&lt;!--[if IE 7]&gt;    &lt;html class="no-js ie7 oldie" lang="en-US</skipped></testcase><testcase classname="backend.tests.test_e2e_business_audit.TestPhase11MissingCapabilities" name="test_capability_endpoint[/scorecards/suppliers-Supplier Scorecards]" time="0.000"><skipped type="pytest.skip" message="login failed for unilever@tradekonekt.io: 502 &lt;!DOCTYPE html&gt;&#10;&lt;!--[if lt IE 7]&gt; &lt;html class=&quot;no-js ie6 oldie&quot; lang=&quot;en-US&quot;&gt; &lt;![endif]--&gt;&#10;&lt;!--[if IE 7]&gt;    &lt;html class=&quot;no-js ie7 oldie&quot; lang=&quot;en-US">/app/backend/tests/test_e2e_business_audit.py:482: login failed for unilever@tradekonekt.io: 502 &lt;!DOCTYPE html&gt;
&lt;!--[if lt IE 7]&gt; &lt;html class="no-js ie6 oldie" lang="en-US"&gt; &lt;![endif]--&gt;
&lt;!--[if IE 7]&gt;    &lt;html class="no-js ie7 oldie" lang="en-US</skipped></testcase><testcase classname="backend.tests.test_e2e_business_audit.TestPhase11MissingCapabilities" name="test_capability_endpoint[/scorecards/retailers-Retailer Scorecards]" time="0.000"><skipped type="pytest.skip" message="login failed for unilever@tradekonekt.io: 502 &lt;!DOCTYPE html&gt;&#10;&lt;!--[if lt IE 7]&gt; &lt;html class=&quot;no-js ie6 oldie&quot; lang=&quot;en-US&quot;&gt; &lt;![endif]--&gt;&#10;&lt;!--[if IE 7]&gt;    &lt;html class=&quot;no-js ie7 oldie&quot; lang=&quot;en-US">/app/backend/tests/test_e2e_business_audit.py:482: login failed for unilever@tradekonekt.io: 502 &lt;!DOCTYPE html&gt;
&lt;!--[if lt IE 7]&gt; &lt;html class="no-js ie6 oldie" lang="en-US"&gt; &lt;![endif]--&gt;
&lt;!--[if IE 7]&gt;    &lt;html class="no-js ie7 oldie" lang="en-US</skipped></testcase><testcase classname="backend.tests.test_e2e_business_audit.TestPhase11MissingCapabilities" name="test_capability_endpoint[/analytics/driver-performance-Driver Performance]" time="0.000"><skipped type="pytest.skip" message="login failed for unilever@tradekonekt.io: 502 &lt;!DOCTYPE html&gt;&#10;&lt;!--[if lt IE 7]&gt; &lt;html class=&quot;no-js ie6 oldie&quot; lang=&quot;en-US&quot;&gt; &lt;![endif]--&gt;&#10;&lt;!--[if IE 7]&gt;    &lt;html class=&quot;no-js ie7 oldie&quot; lang=&quot;en-US">/app/backend/tests/test_e2e_business_audit.py:482: login failed for unilever@tradekonekt.io: 502 &lt;!DOCTYPE html&gt;
&lt;!--[if lt IE 7]&gt; &lt;html class="no-js ie6 oldie" lang="en-US"&gt; &lt;![endif]--&gt;
&lt;!--[if IE 7]&gt;    &lt;html class="no-js ie7 oldie" lang="en-US</skipped></testcase><testcase classname="backend.tests.test_e2e_business_audit.TestPhase11MissingCapabilities" name="test_capability_endpoint[/analytics/vehicle-performance-Vehicle Performance]" time="0.000"><skipped type="pytest.skip" message="login failed for unilever@tradekonekt.io: 502 &lt;!DOCTYPE html&gt;&#10;&lt;!--[if lt IE 7]&gt; &lt;html class=&quot;no-js ie6 oldie&quot; lang=&quot;en-US&quot;&gt; &lt;![endif]--&gt;&#10;&lt;!--[if IE 7]&gt;    &lt;html class=&quot;no-js ie7 oldie&quot; lang=&quot;en-US">/app/backend/tests/test_e2e_business_audit.py:482: login failed for unilever@tradekonekt.io: 502 &lt;!DOCTYPE html&gt;
&lt;!--[if lt IE 7]&gt; &lt;html class="no-js ie6 oldie" lang="en-US"&gt; &lt;![endif]--&gt;
&lt;!--[if IE 7]&gt;    &lt;html class="no-js ie7 oldie" lang="en-US</skipped></testcase><testcase classname="backend.tests.test_e2e_business_audit.TestPhase11MissingCapabilities" name="test_capability_endpoint[/route-optimization-Route Optimization]" time="0.000"><skipped type="pytest.skip" message="login failed for unilever@tradekonekt.io: 502 &lt;!DOCTYPE html&gt;&#10;&lt;!--[if lt IE 7]&gt; &lt;html class=&quot;no-js ie6 oldie&quot; lang=&quot;en-US&quot;&gt; &lt;![endif]--&gt;&#10;&lt;!--[if IE 7]&gt;    &lt;html class=&quot;no-js ie7 oldie&quot; lang=&quot;en-US">/app/backend/tests/test_e2e_business_audit.py:482: login failed for unilever@tradekonekt.io: 502 &lt;!DOCTYPE html&gt;
&lt;!--[if lt IE 7]&gt; &lt;html class="no-js ie6 oldie" lang="en-US"&gt; &lt;![endif]--&gt;
&lt;!--[if IE 7]&gt;    &lt;html class="no-js ie7 oldie" lang="en-US</skipped></testcase><testcase classname="backend.tests.test_e2e_business_audit.TestPhase11MissingCapabilities" name="test_capability_endpoint[/analytics/otif-OTIF]" time="0.000"><skipped type="pytest.skip" message="login failed for unilever@tradekonekt.io: 502 &lt;!DOCTYPE html&gt;&#10;&lt;!--[if lt IE 7]&gt; &lt;html class=&quot;no-js ie6 oldie&quot; lang=&quot;en-US&quot;&gt; &lt;![endif]--&gt;&#10;&lt;!--[if IE 7]&gt;    &lt;html class=&quot;no-js ie7 oldie&quot; lang=&quot;en-US">/app/backend/tests/test_e2e_business_audit.py:482: login failed for unilever@tradekonekt.io: 502 &lt;!DOCTYPE html&gt;
&lt;!--[if lt IE 7]&gt; &lt;html class="no-js ie6 oldie" lang="en-US"&gt; &lt;![endif]--&gt;
&lt;!--[if IE 7]&gt;    &lt;html class="no-js ie7 oldie" lang="en-US</skipped></testcase><testcase classname="backend.tests.test_e2e_business_audit.TestPhase11MissingCapabilities" name="test_capability_endpoint[/analytics/fill-rate-Fill Rate]" time="0.000"><skipped type="pytest.skip" message="login failed for unilever@tradekonekt.io: 502 &lt;!DOCTYPE html&gt;&#10;&lt;!--[if lt IE 7]&gt; &lt;html class=&quot;no-js ie6 oldie&quot; lang=&quot;en-US&quot;&gt; &lt;![endif]--&gt;&#10;&lt;!--[if IE 7]&gt;    &lt;html class=&quot;no-js ie7 oldie&quot; lang=&quot;en-US">/app/backend/tests/test_e2e_business_audit.py:482: login failed for unilever@tradekonekt.io: 502 &lt;!DOCTYPE html&gt;
&lt;!--[if lt IE 7]&gt; &lt;html class="no-js ie6 oldie" lang="en-US"&gt; &lt;![endif]--&gt;
&lt;!--[if IE 7]&gt;    &lt;html class="no-js ie7 oldie" lang="en-US</skipped></testcase><testcase classname="backend.tests.test_e2e_business_audit.TestPhase11MissingCapabilities" name="test_capability_endpoint[/analytics/inventory-aging-Inventory Aging]" time="0.000"><skipped type="pytest.skip" message="login failed for unilever@tradekonekt.io: 502 &lt;!DOCTYPE html&gt;&#10;&lt;!--[if lt IE 7]&gt; &lt;html class=&quot;no-js ie6 oldie&quot; lang=&quot;en-US&quot;&gt; &lt;![endif]--&gt;&#10;&lt;!--[if IE 7]&gt;    &lt;html class=&quot;no-js ie7 oldie&quot; lang=&quot;en-US">/app/backend/tests/test_e2e_business_audit.py:482: login failed for unilever@tradekonekt.io: 502 &lt;!DOCTYPE html&gt;
&lt;!--[if lt IE 7]&gt; &lt;html class="no-js ie6 oldie" lang="en-US"&gt; &lt;![endif]--&gt;
&lt;!--[if IE 7]&gt;    &lt;html class="no-js ie7 oldie" lang="en-US</skipped></testcase><testcase classname="backend.tests.test_e2e_business_audit.TestPhase11MissingCapabilities" name="test_capability_endpoint[/analytics/product-expiry-Product Expiry]" time="0.000"><skipped type="pytest.skip" message="login failed for unilever@tradekonekt.io: 502 &lt;!DOCTYPE html&gt;&#10;&lt;!--[if lt IE 7]&gt; &lt;html class=&quot;no-js ie6 oldie&quot; lang=&quot;en-US&quot;&gt; &lt;![endif]--&gt;&#10;&lt;!--[if IE 7]&gt;    &lt;html class=&quot;no-js ie7 oldie&quot; lang=&quot;en-US">/app/backend/tests/test_e2e_business_audit.py:482: login failed for unilever@tradekonekt.io: 502 &lt;!DOCTYPE html&gt;
&lt;!--[if lt IE 7]&gt; &lt;html class="no-js ie6 oldie" lang="en-US"&gt; &lt;![endif]--&gt;
&lt;!--[if IE 7]&gt;    &lt;html class="no-js ie7 oldie" lang="en-US</skipped></testcase><testcase classname="backend.tests.test_e2e_business_audit.TestPhase11MissingCapabilities" name="test_capability_endpoint[/analytics/promotion-effectiveness-Promotion Effectiveness]" time="0.000"><skipped type="pytest.skip" message="login failed for unilever@tradekonekt.io: 502 &lt;!DOCTYPE html&gt;&#10;&lt;!--[if lt IE 7]&gt; &lt;html class=&quot;no-js ie6 oldie&quot; lang=&quot;en-US&quot;&gt; &lt;![endif]--&gt;&#10;&lt;!--[if IE 7]&gt;    &lt;html class=&quot;no-js ie7 oldie&quot; lang=&quot;en-US">/app/backend/tests/test_e2e_business_audit.py:482: login failed for unilever@tradekonekt.io: 502 &lt;!DOCTYPE html&gt;
&lt;!--[if lt IE 7]&gt; &lt;html class="no-js ie6 oldie" lang="en-US"&gt; &lt;![endif]--&gt;
&lt;!--[if IE 7]&gt;    &lt;html class="no-js ie7 oldie" lang="en-US</skipped></testcase><testcase classname="backend.tests.test_e2e_business_audit" name="test_zzz_print_matrix" time="0.000" /></testsuite></testsuites>