<?xml version="1.0" encoding="utf-8"?><testsuites name="pytest tests"><testsuite name="pytest" errors="0" failures="0" skipped="1" tests="34" time="33.005" timestamp="2026-06-26T12:34:47.280756+00:00" hostname="agent-env-e44efa43-2739-45c4-bdbc-54c6db527e43"><testcase classname="backend.tests.test_e2e_business_audit.TestPhase1Manufacturer" name="test_overview" time="0.979" /><testcase classname="backend.tests.test_e2e_business_audit.TestPhase1Manufacturer" name="test_products_crud_read" time="0.903" /><testcase classname="backend.tests.test_e2e_business_audit.TestPhase1Manufacturer" name="test_distributor_network" time="0.178"><skipped type="pytest.skip" message="no distributor-network endpoint reachable">/app/backend/tests/test_e2e_business_audit.py:129: no distributor-network endpoint reachable</skipped></testcase><testcase classname="backend.tests.test_e2e_business_audit.TestPhase1Manufacturer" name="test_distributor_orders_visibility" time="0.098" /><testcase classname="backend.tests.test_e2e_business_audit.TestPhase2Distributor" name="test_operations_intelligence" time="1.048" /><testcase classname="backend.tests.test_e2e_business_audit.TestPhase2Distributor" name="test_wholesaler_network_three" time="2.307" /><testcase classname="backend.tests.test_e2e_business_audit.TestPhase3Wholesaler" name="test_inventory" time="2.118" /><testcase classname="backend.tests.test_e2e_business_audit.TestPhase3Wholesaler" name="test_orders_dashboard" time="0.517" /><testcase classname="backend.tests.test_e2e_business_audit.TestPhase3Wholesaler" name="test_customer_orders" time="0.737" /><testcase classname="backend.tests.test_e2e_business_audit.TestPhase4bSalePropagation" name="test_create_sale_and_verify_propagation" time="6.394" /><testcase classname="backend.tests.test_e2e_business_audit.TestPhase4RetailerOfflineSmoke" name="test_cursors_present" time="0.823" /><testcase classname="backend.tests.test_e2e_business_audit.TestPhase4RetailerOfflineSmoke" name="test_inventory_adjust_atomic" time="0.867" /><testcase classname="backend.tests.test_e2e_business_audit.TestPhase5Driver" name="test_driver_me" time="1.031" /><testcase classname="backend.tests.test_e2e_business_audit.TestPhase6Fleet" name="test_fleet_overview_manufacturer" time="2.533" /><testcase classname="backend.tests.test_e2e_business_audit.TestPhase6Fleet" name="test_drivers_workload" time="0.745" /><testcase classname="backend.tests.test_e2e_business_audit.TestPhase6Fleet" name="test_vehicles_utilization" time="0.463" /><testcase classname="backend.tests.test_e2e_business_audit.TestPhase6Fleet" name="test_compliance_board" time="0.421" /><testcase classname="backend.tests.test_e2e_business_audit.TestPhase6Fleet" name="test_distributor_fleet_visibility" time="2.080" /><testcase classname="backend.tests.test_e2e_business_audit.TestPhase7Dispatch" name="test_shipments_list" time="0.714" /><testcase classname="backend.tests.test_e2e_business_audit.TestPhase8LogisticsCC" name="test_control_tower_shape" time="5.857" /><testcase classname="backend.tests.test_e2e_business_audit.TestPhase10Failure" name="test_cross_tenant_403" time="0.250" /><testcase classname="backend.tests.test_e2e_business_audit.TestPhase10Failure" name="test_idempotency_same_key_different_body_409" time="0.826" /><testcase classname="backend.tests.test_e2e_business_audit.TestPhase11MissingCapabilities" name="test_capability_endpoint[/analytics/demand-planning-Demand Planning]" time="0.096" /><testcase classname="backend.tests.test_e2e_business_audit.TestPhase11MissingCapabilities" name="test_capability_endpoint[/scorecards/suppliers-Supplier Scorecards]" time="0.089" /><testcase classname="backend.tests.test_e2e_business_audit.TestPhase11MissingCapabilities" name="test_capability_endpoint[/scorecards/retailers-Retailer Scorecards]" time="0.093" /><testcase classname="backend.tests.test_e2e_business_audit.TestPhase11MissingCapabilities" name="test_capability_endpoint[/analytics/driver-performance-Driver Performance]" time="0.099" /><testcase classname="backend.tests.test_e2e_business_audit.TestPhase11MissingCapabilities" name="test_capability_endpoint[/analytics/vehicle-performance-Vehicle Performance]" time="0.090" /><testcase classname="backend.tests.test_e2e_business_audit.TestPhase11MissingCapabilities" name="test_capability_endpoint[/route-optimization-Route Optimization]" time="0.092" /><testcase classname="backend.tests.test_e2e_business_audit.TestPhase11MissingCapabilities" name="test_capability_endpoint[/analytics/otif-OTIF]" time="0.096" /><testcase classname="backend.tests.test_e2e_business_audit.TestPhase11MissingCapabilities" name="test_capability_endpoint[/analytics/fill-rate-Fill Rate]" time="0.089" /><testcase classname="backend.tests.test_e2e_business_audit.TestPhase11MissingCapabilities" name="test_capability_endpoint[/analytics/inventory-aging-Inventory Aging]" time="0.091" /><testcase classname="backend.tests.test_e2e_business_audit.TestPhase11MissingCapabilities" name="test_capability_endpoint[/analytics/product-expiry-Product Expiry]" time="0.092" /><testcase classname="backend.tests.test_e2e_business_audit.TestPhase11MissingCapabilities" name="test_capability_endpoint[/analytics/promotion-effectiveness-Promotion Effectiveness]" time="0.095" /><testcase classname="backend.tests.test_e2e_business_audit" name="test_zzz_print_matrix" time="0.001" /></testsuite></testsuites>