<?xml version="1.0" encoding="utf-8"?><testsuites name="pytest tests"><testsuite name="pytest" errors="0" failures="0" skipped="0" tests="4" time="8.349" timestamp="2026-06-14T14:28:13.957641+00:00" hostname="agent-env-e44efa43-2739-45c4-bdbc-54c6db527e43"><testcase classname="backend.tests.test_forecast_density" name="test_overview_returns_12_dense_months" time="7.213" /><testcase classname="backend.tests.test_forecast_density" name="test_demand_forecast_bars_are_dense" time="0.239" /><testcase classname="backend.tests.test_forecast_density" name="test_intel_forecasts_has_urgency_counts" time="0.414" /><testcase classname="backend.tests.test_forecast_density" name="test_critical_or_high_forecasts_present" time="0.424" /></testsuite></testsuites>