<?xml version="1.0" encoding="utf-8"?><testsuites name="pytest tests"><testsuite name="pytest" errors="0" failures="0" skipped="0" tests="18" time="35.694" timestamp="2026-05-26T07:02:56.787201+00:00" hostname="agent-env-e44efa43-2739-45c4-bdbc-54c6db527e43"><testcase classname="backend.tests.test_intel" name="test_feed_manufacturer" time="0.556" /><testcase classname="backend.tests.test_intel" name="test_feed_count_range" time="0.100" /><testcase classname="backend.tests.test_intel" name="test_exec_summary" time="0.111" /><testcase classname="backend.tests.test_intel" name="test_forecasts_stockout" time="0.174" /><testcase classname="backend.tests.test_intel" name="test_recommendations" time="1.613" /><testcase classname="backend.tests.test_intel" name="test_recommendation_ack" time="0.258" /><testcase classname="backend.tests.test_intel" name="test_alerts_categories" time="0.102" /><testcase classname="backend.tests.test_intel" name="test_retailer_health_sorted" time="0.123" /><testcase classname="backend.tests.test_intel" name="test_delivery_eta" time="0.102" /><testcase classname="backend.tests.test_intel" name="test_external_signals" time="0.102" /><testcase classname="backend.tests.test_intel" name="test_copilot_sonnet_routing" time="14.128" /><testcase classname="backend.tests.test_intel" name="test_copilot_gemini_routing" time="7.308" /><testcase classname="backend.tests.test_intel" name="test_copilot_distributor_scoped" time="10.349" /><testcase classname="backend.tests.test_intel" name="test_distributor_forecasts_scoped" time="0.137" /><testcase classname="backend.tests.test_intel" name="test_invalid_role_returns_400" time="0.118" /><testcase classname="backend.tests.test_intel" name="test_unknown_entity_returns_404" time="0.109" /><testcase classname="backend.tests.test_intel" name="test_existing_sales_endpoint" time="0.111" /><testcase classname="backend.tests.test_intel" name="test_existing_assistant_endpoint" time="0.103" /></testsuite></testsuites>