<?xml version="1.0" encoding="utf-8"?><testsuites name="pytest tests"><testsuite name="pytest" errors="0" failures="1" skipped="0" tests="6" time="9.599" timestamp="2026-06-11T15:10:35.610775+00:00" hostname="agent-env-e44efa43-2739-45c4-bdbc-54c6db527e43"><testcase classname="backend.tests.test_place_order_and_alloc_kpis.TestDistributorDetail" name="test_detail_returns_kpis_and_history" time="1.963" /><testcase classname="backend.tests.test_place_order_and_alloc_kpis.TestPlaceOrderOnBehalf" name="test_create_order" time="2.145" /><testcase classname="backend.tests.test_place_order_and_alloc_kpis.TestPlaceOrderOnBehalf" name="test_new_order_surfaces_in_detail" time="1.384" /><testcase classname="backend.tests.test_place_order_and_alloc_kpis.TestAllocationKPIs" name="test_payload_shape" time="1.320" /><testcase classname="backend.tests.test_place_order_and_alloc_kpis.TestAllocationKPIs" name="test_distributor_forbidden" time="1.298"><failure message="AssertionError: expected 403, got 200: {&quot;window_days&quot;:30,&quot;as_of&quot;:&quot;2026-06-11T15:10:43.771138+00:00&quot;,&quot;kpis&quot;:{&quot;fill_rate_pct&quot;:65.0,&quot;requested_units&quot;:37935,&quot;allocated_units&quot;:24664,&quot;avg_allocation_hours&quot;:19.5,&quot;back_order_rate_pct&quot;:6.7,&quot;back_or&#10;assert 200 in (401, 403)&#10; +  where 200 = &lt;Response [200]&gt;.status_code">E   AssertionError: expected 403, got 200: {"window_days":30,"as_of":"2026-06-11T15:10:43.771138+00:00","kpis":{"fill_rate_pct":65.0,"requested_units":37935,"allocated_units":24664,"avg_allocation_hours":19.5,"back_order_rate_pct":6.7,"back_or
    assert 200 in (401, 403)
     +  where 200 = &lt;Response [200]&gt;.status_code</failure></testcase><testcase classname="backend.tests.test_place_order_and_alloc_kpis.TestAllocationKPIs" name="test_super_admin_requires_manufacturer_id" time="1.421" /></testsuite></testsuites>