<?xml version="1.0" encoding="utf-8"?><testsuites name="pytest tests"><testsuite name="pytest" errors="0" failures="0" skipped="1" tests="61" time="67.835" timestamp="2026-06-26T14:34:26.378108+00:00" hostname="agent-env-e44efa43-2739-45c4-bdbc-54c6db527e43"><testcase classname="tests.test_retailer_private_products_iter34" name="test_create_returns_expected_shape" time="11.951" /><testcase classname="tests.test_retailer_private_products_iter34" name="test_invisible_to_manufacturer" time="0.840" /><testcase classname="tests.test_retailer_private_products_iter34" name="test_invisible_to_distributor" time="0.957" /><testcase classname="tests.test_retailer_private_products_iter34" name="test_invisible_to_other_retailer" time="0.517"><skipped type="pytest.skip" message="No second retailer discoverable via /organizations">/app/backend/tests/test_retailer_private_products_iter34.py:138: No second retailer discoverable via /organizations</skipped></testcase><testcase classname="tests.test_retailer_private_products_iter34" name="test_stock_and_sell_decrements_to_seven" time="2.126" /><testcase classname="tests.test_retailer_private_products_iter34" name="test_idempotent_replay_header_set" time="0.959" /><testcase classname="tests.test_retailer_private_products_iter34" name="test_patch_persists_and_delete_excludes" time="2.530" /><testcase classname="tests.test_retailer_private_products_iter34" name="test_cross_tenant_403" time="0.208" /><testcase classname="tests.test_retailer_offline" name="test_idempotency_first_call_runs_normally" time="1.308" /><testcase classname="tests.test_retailer_offline" name="test_idempotency_replay_returns_same_response" time="0.949" /><testcase classname="tests.test_retailer_offline" name="test_idempotency_mismatched_payload_returns_409" time="0.841" /><testcase classname="tests.test_retailer_offline" name="test_idempotency_client_op_id_fallback" time="0.850" /><testcase classname="tests.test_retailer_offline" name="test_sale_idempotency_returns_same_id" time="1.822" /><testcase classname="tests.test_retailer_offline" name="test_sale_with_customer_id_updates_crm_rollups" time="2.326" /><testcase classname="tests.test_retailer_offline" name="test_sale_with_unknown_customer_id_is_400" time="0.846" /><testcase classname="tests.test_retailer_offline" name="test_customers_list_excludes_soft_deleted" time="1.541" /><testcase classname="tests.test_retailer_offline" name="test_customers_phone_upsert" time="0.738" /><testcase classname="tests.test_retailer_offline" name="test_customers_patch_with_stale_if_match_412" time="1.192" /><testcase classname="tests.test_retailer_offline" name="test_customers_updated_since_cursor" time="1.189" /><testcase classname="tests.test_retailer_offline" name="test_inventory_single_delta_decrements_atomically" time="1.301" /><testcase classname="tests.test_retailer_offline" name="test_inventory_idempotent_replay" time="1.364" /><testcase classname="tests.test_retailer_offline" name="test_inventory_negative_warning" time="1.746" /><testcase classname="tests.test_retailer_offline" name="test_inventory_batch_partial_replay" time="1.863" /><testcase classname="tests.test_retailer_offline" name="test_inventory_ledger_lists_adjustments" time="0.839" /><testcase classname="tests.test_retailer_offline" name="test_sales_updated_since_returns_only_newer" time="0.854" /><testcase classname="tests.test_retailer_offline" name="test_unauthenticated_endpoints_are_locked" time="0.242" /><testcase classname="tests.test_retailer_offline" name="test_cross_tenant_retailer_access_denied" time="0.424" /><testcase classname="tests.test_p0_ownership_fix" name="test_foreign_retailer_get_returns_403[/sales]" time="0.734" /><testcase classname="tests.test_p0_ownership_fix" name="test_foreign_retailer_get_returns_403[/dashboard]" time="0.207" /><testcase classname="tests.test_p0_ownership_fix" name="test_foreign_retailer_get_returns_403[/sales-trend]" time="0.218" /><testcase classname="tests.test_p0_ownership_fix" name="test_foreign_retailer_get_returns_403[/reorder-suggestions]" time="0.277" /><testcase classname="tests.test_p0_ownership_fix" name="test_foreign_retailer_get_returns_403[/insights]" time="0.212" /><testcase classname="tests.test_p0_ownership_fix" name="test_foreign_retailer_get_returns_403[/activity]" time="0.206" /><testcase classname="tests.test_p0_ownership_fix" name="test_foreign_retailer_get_returns_403[/inventory-command-center]" time="0.203" /><testcase classname="tests.test_p0_ownership_fix" name="test_foreign_retailer_get_returns_403[/sales/summary]" time="0.202" /><testcase classname="tests.test_p0_ownership_fix" name="test_foreign_retailer_get_returns_403[/sales/analytics]" time="0.199" /><testcase classname="tests.test_p0_ownership_fix" name="test_foreign_retailer_get_returns_403[/sales/export.csv]" time="0.206" /><testcase classname="tests.test_p0_ownership_fix" name="test_foreign_retailer_post_sales_returns_403" time="0.217" /><testcase classname="tests.test_p0_ownership_fix" name="test_foreign_retailer_mark_paid_returns_403" time="0.198" /><testcase classname="tests.test_p0_ownership_fix" name="test_foreign_inventory_query_returns_403" time="0.200" /><testcase classname="tests.test_p0_ownership_fix" name="test_own_retailer_get_still_200[/sales]" time="0.540" /><testcase classname="tests.test_p0_ownership_fix" name="test_own_retailer_get_still_200[/dashboard]" time="1.166" /><testcase classname="tests.test_p0_ownership_fix" name="test_own_retailer_get_still_200[/sales-trend]" time="0.546" /><testcase classname="tests.test_p0_ownership_fix" name="test_own_retailer_get_still_200[/reorder-suggestions]" time="0.420" /><testcase classname="tests.test_p0_ownership_fix" name="test_own_retailer_get_still_200[/insights]" time="0.418" /><testcase classname="tests.test_p0_ownership_fix" name="test_own_retailer_get_still_200[/activity]" time="0.674" /><testcase classname="tests.test_p0_ownership_fix" name="test_own_retailer_get_still_200[/inventory-command-center]" time="1.109" /><testcase classname="tests.test_p0_ownership_fix" name="test_own_retailer_get_still_200[/sales/summary]" time="0.736" /><testcase classname="tests.test_p0_ownership_fix" name="test_own_retailer_get_still_200[/sales/analytics]" time="3.697" /><testcase classname="tests.test_p0_ownership_fix" name="test_own_inventory_query_200" time="0.440" /><testcase classname="tests.test_p0_ownership_fix" name="test_inventory_no_params_retailer_autoscopes" time="0.417" /><testcase classname="tests.test_p0_ownership_fix" name="test_inventory_no_params_distributor_autoscopes" time="0.947" /><testcase classname="tests.test_p0_ownership_fix" name="test_inventory_no_params_super_admin_must_400" time="0.743" /><testcase classname="tests.test_p0_ownership_fix" name="test_unilever_mfr_can_read_own_retailer" time="1.924" /><testcase classname="tests.test_p0_ownership_fix" name="test_unilever_mfr_cannot_read_competing_retailer" time="0.421" /><testcase classname="tests.test_p0_ownership_fix" name="test_distributor_can_read_own_retailer" time="2.070" /><testcase classname="tests.test_p0_ownership_fix" name="test_distributor_cannot_read_other_distributors_retailer" time="0.309" /><testcase classname="tests.test_p0_ownership_fix" name="test_super_admin_can_read_any_retailer" time="1.178" /><testcase classname="tests.test_organizations_alias" name="test_mobile_aliases_return_canonical_wholesalers" time="1.984" /><testcase classname="tests.test_organizations_alias" name="test_response_carries_type_alias" time="1.313" /><testcase classname="tests.test_organizations_alias" name="test_manufacturer_id_alias_filters_by_ancestor" time="1.064" /></testsuite></testsuites>