<?xml version="1.0" encoding="utf-8"?><testsuites name="pytest tests"><testsuite name="pytest" errors="0" failures="0" skipped="0" tests="7" time="9.949" timestamp="2026-06-26T14:33:22.815032+00:00" hostname="agent-env-e44efa43-2739-45c4-bdbc-54c6db527e43"><testcase classname="tests.test_retailer_private_products" name="test_retailer_can_onboard_off_ecosystem_product" time="1.863" /><testcase classname="tests.test_retailer_private_products" name="test_private_product_appears_in_retailer_global_products" time="0.965" /><testcase classname="tests.test_retailer_private_products" name="test_private_product_invisible_to_manufacturer" time="1.626" /><testcase classname="tests.test_retailer_private_products" name="test_retailer_can_stock_and_sell_private_product" time="2.559" /><testcase classname="tests.test_retailer_private_products" name="test_private_product_patch_and_soft_delete" time="1.677" /><testcase classname="tests.test_retailer_private_products" name="test_idempotent_create" time="0.957" /><testcase classname="tests.test_retailer_private_products" name="test_cross_tenant_product_access_denied" time="0.240" /></testsuite></testsuites>