<?xml version="1.0" encoding="utf-8"?><testsuites name="pytest tests"><testsuite name="pytest" errors="0" failures="0" skipped="0" tests="5" time="14.332" timestamp="2026-06-14T08:01:56.141214+00:00" hostname="agent-env-e44efa43-2739-45c4-bdbc-54c6db527e43"><testcase classname="backend.tests.test_wholesaler_drill_navigation" name="test_wholesaler_detail_endpoint_shape" time="10.171" /><testcase classname="backend.tests.test_wholesaler_drill_navigation" name="test_royal_trading_contains_shoprite_and_spar" time="0.780" /><testcase classname="backend.tests.test_wholesaler_drill_navigation" name="test_wholesaler_detail_mismatched_ids_returns_404" time="0.197" /><testcase classname="backend.tests.test_wholesaler_drill_navigation" name="test_distributor_wholesaler_network" time="1.268" /><testcase classname="backend.tests.test_wholesaler_drill_navigation" name="test_manufacturer_can_see_distributor_wholesaler_network" time="1.844" /></testsuite></testsuites>