<?xml version="1.0" encoding="utf-8"?><testsuites name="pytest tests"><testsuite name="pytest" errors="0" failures="0" skipped="0" tests="32" time="20.266" timestamp="2026-06-11T17:01:23.171104+00:00" hostname="agent-env-e44efa43-2739-45c4-bdbc-54c6db527e43"><testcase classname="backend.tests.test_wholesaler_phase3.TestTenantScoping" name="test_same_wholesaler_can_read" time="12.247" /><testcase classname="backend.tests.test_wholesaler_phase3.TestTenantScoping" name="test_same_tenant_distributor_allowed_read_only" time="2.662" /><testcase classname="backend.tests.test_wholesaler_phase3.TestTenantScoping" name="test_same_tenant_manufacturer_allowed_read" time="2.435" /><testcase classname="backend.tests.test_wholesaler_phase3.TestTenantScoping" name="test_other_tenant_wholesaler_cannot_read" time="0.927" /><testcase classname="backend.tests.test_wholesaler_phase3.TestInventoryAnalyticsCenter" name="test_block_present" time="0.000" /><testcase classname="backend.tests.test_wholesaler_phase3.TestInventoryAnalyticsCenter" name="test_kpis_keys_and_types" time="0.000" /><testcase classname="backend.tests.test_wholesaler_phase3.TestInventoryAnalyticsCenter" name="test_dos_bands_keys" time="0.000" /><testcase classname="backend.tests.test_wholesaler_phase3.TestInventoryAnalyticsCenter" name="test_aging_buckets" time="0.000" /><testcase classname="backend.tests.test_wholesaler_phase3.TestInventoryAnalyticsCenter" name="test_dead_stock_buckets" time="0.000" /><testcase classname="backend.tests.test_wholesaler_phase3.TestInventoryAnalyticsCenter" name="test_expiry_buckets" time="0.000" /><testcase classname="backend.tests.test_wholesaler_phase3.TestForecastCenter" name="test_block_present" time="0.000" /><testcase classname="backend.tests.test_wholesaler_phase3.TestForecastCenter" name="test_kpis_keys" time="0.000" /><testcase classname="backend.tests.test_wholesaler_phase3.TestForecastCenter" name="test_product_rows_have_projections" time="0.000" /><testcase classname="backend.tests.test_wholesaler_phase3.TestForecastCenter" name="test_replenishment_priority_values" time="0.000" /><testcase classname="backend.tests.test_wholesaler_phase3.TestForecastCenter" name="test_safety_status_values" time="0.000" /><testcase classname="backend.tests.test_wholesaler_phase3.TestIntelligenceCenter" name="test_block_present" time="0.000" /><testcase classname="backend.tests.test_wholesaler_phase3.TestIntelligenceCenter" name="test_headlines_at_least_three" time="0.000" /><testcase classname="backend.tests.test_wholesaler_phase3.TestIntelligenceCenter" name="test_risks_have_severity" time="0.000" /><testcase classname="backend.tests.test_wholesaler_phase3.TestIntelligenceCenter" name="test_actions_have_priority" time="0.000" /><testcase classname="backend.tests.test_wholesaler_phase3.TestIntelligenceCenter" name="test_snapshot_keys" time="0.000" /><testcase classname="backend.tests.test_wholesaler_phase3.TestControlTower" name="test_block_present" time="0.000" /><testcase classname="backend.tests.test_wholesaler_phase3.TestControlTower" name="test_health_score_range_and_band" time="0.000" /><testcase classname="backend.tests.test_wholesaler_phase3.TestControlTower" name="test_heat_maps_have_intensity" time="0.000" /><testcase classname="backend.tests.test_wholesaler_phase3.TestControlTower" name="test_network_summary" time="0.000" /><testcase classname="backend.tests.test_wholesaler_phase3.TestPhase3ARegression" name="test_distributors_deep_block" time="0.000" /><testcase classname="backend.tests.test_wholesaler_phase3.TestPhase3ARegression" name="test_bcg_has_items_with_quadrants" time="0.000" /><testcase classname="backend.tests.test_wholesaler_phase3.TestPhase3ARegression" name="test_ranking_has_status_badges" time="0.000" /><testcase classname="backend.tests.test_wholesaler_phase3.TestStandaloneRoutes" name="test_wholesaler_orders" time="0.423" /><testcase classname="backend.tests.test_wholesaler_phase3.TestStandaloneRoutes" name="test_wholesaler_shipments" time="0.415" /><testcase classname="backend.tests.test_wholesaler_phase3.TestStandaloneRoutes" name="test_allocation_kpis_manufacturer_200" time="0.638" /><testcase classname="backend.tests.test_wholesaler_phase3.TestStandaloneRoutes" name="test_allocation_kpis_distributor_403" time="0.205" /><testcase classname="backend.tests.test_wholesaler_phase3.TestStandaloneRoutes" name="test_allocation_kpis_wholesaler_403" time="0.221" /></testsuite></testsuites>