<?xml version="1.0" encoding="utf-8"?><testsuites name="pytest tests"><testsuite name="pytest" errors="0" failures="0" skipped="0" tests="20" time="10.898" timestamp="2026-06-11T18:00:44.939209+00:00" hostname="agent-env-e44efa43-2739-45c4-bdbc-54c6db527e43"><testcase classname="backend.tests.test_wholesaler_phase3e_map.TestShape" name="test_top_level_keys" time="1.488" /><testcase classname="backend.tests.test_wholesaler_phase3e_map.TestShape" name="test_hub_shape" time="0.000" /><testcase classname="backend.tests.test_wholesaler_phase3e_map.TestShape" name="test_summary_shape" time="0.000" /><testcase classname="backend.tests.test_wholesaler_phase3e_map.TestDistributors" name="test_exactly_six_distributors" time="0.000" /><testcase classname="backend.tests.test_wholesaler_phase3e_map.TestDistributors" name="test_all_have_coords" time="0.000" /><testcase classname="backend.tests.test_wholesaler_phase3e_map.TestDistributors" name="test_distributor_fields" time="0.000" /><testcase classname="backend.tests.test_wholesaler_phase3e_map.TestDistributors" name="test_mutkeem_healthy_others_critical" time="0.000" /><testcase classname="backend.tests.test_wholesaler_phase3e_map.TestTrucks" name="test_in_transit_trucks_between_endpoints" time="0.000" /><testcase classname="backend.tests.test_wholesaler_phase3e_map.TestTrucks" name="test_delivered_trucks_pinned" time="0.000" /><testcase classname="backend.tests.test_wholesaler_phase3e_map.TestDemandOverlay" name="test_overlay_entries_shape" time="0.000" /><testcase classname="backend.tests.test_wholesaler_phase3e_map.TestTenantScoping" name="test_distributor_forbidden" time="0.768" /><testcase classname="backend.tests.test_wholesaler_phase3e_map.TestTenantScoping" name="test_manufacturer_forbidden" time="0.790" /><testcase classname="backend.tests.test_wholesaler_phase3e_map.TestTenantScoping" name="test_other_wholesaler_forbidden" time="0.785" /><testcase classname="backend.tests.test_wholesaler_phase3e_map.TestTenantScoping" name="test_owner_allowed" time="0.920" /><testcase classname="backend.tests.test_wholesaler_phase3e_map.TestNoOrdersGraceful" name="test_tenant2_wholesaler_own_map_empty_arrays" time="1.608" /><testcase classname="backend.tests.test_wholesaler_phase3e_map.TestRegressions" name="test_intelligence_still_renders" time="1.317" /><testcase classname="backend.tests.test_wholesaler_phase3e_map.TestRegressions" name="test_inventory_deep_still_renders" time="1.400" /><testcase classname="backend.tests.test_wholesaler_phase3e_map.TestRegressions" name="test_forecast_deep_still_renders" time="1.279" /><testcase classname="backend.tests.test_wholesaler_phase3e_map.TestRegressions" name="test_analytics_tenant_scoping_cross_tenant_blocked" time="0.224" /><testcase classname="backend.tests.test_wholesaler_phase3e_map.TestRegressions" name="test_distributor_detail_cross_tenant_blocked" time="0.253" /></testsuite></testsuites>