<?xml version="1.0" encoding="utf-8"?><testsuites name="pytest tests"><testsuite name="pytest" errors="0" failures="0" skipped="0" tests="8" time="11.775" timestamp="2026-06-11T16:13:22.753077+00:00" hostname="agent-env-e44efa43-2739-45c4-bdbc-54c6db527e43"><testcase classname="backend.tests.test_phase3a_distributor_intel.TestDistributorsDeep" name="test_kpi_keys" time="9.410" /><testcase classname="backend.tests.test_phase3a_distributor_intel.TestDistributorsDeep" name="test_ranking_shape_and_sort" time="0.000" /><testcase classname="backend.tests.test_phase3a_distributor_intel.TestDistributorsDeep" name="test_bcg_block" time="0.000" /><testcase classname="backend.tests.test_phase3a_distributor_intel.TestDistributorsDeep" name="test_churn_block" time="0.000" /><testcase classname="backend.tests.test_phase3a_distributor_intel.TestDistributorsDeep" name="test_trend_block" time="0.000" /><testcase classname="backend.tests.test_phase3a_distributor_intel.TestAllocationKpisRegression" name="test_manufacturer_ok" time="1.289" /><testcase classname="backend.tests.test_phase3a_distributor_intel.TestAllocationKpisRegression" name="test_distributor_forbidden" time="0.795" /><testcase classname="backend.tests.test_phase3a_distributor_intel.TestAllocationKpisRegression" name="test_wholesaler_forbidden" time="0.209" /></testsuite></testsuites>