<?xml version="1.0" encoding="utf-8"?><testsuites name="pytest tests"><testsuite name="pytest" errors="0" failures="0" skipped="0" tests="6" time="16.374" timestamp="2026-06-14T08:21:52.335464+00:00" hostname="agent-env-e44efa43-2739-45c4-bdbc-54c6db527e43"><testcase classname="backend.tests.test_warehouse_network_navigation.TestManufacturerWarehouseNetwork" name="test_endpoint_status_200" time="12.247" /><testcase classname="backend.tests.test_warehouse_network_navigation.TestManufacturerWarehouseNetwork" name="test_kpis_shape_and_values" time="1.158" /><testcase classname="backend.tests.test_warehouse_network_navigation.TestManufacturerWarehouseNetwork" name="test_warehouses_array" time="1.156" /><testcase classname="backend.tests.test_warehouse_network_navigation.TestWarehouseDistributorNetwork" name="test_endpoint_status_200" time="0.753" /><testcase classname="backend.tests.test_warehouse_network_navigation.TestWarehouseDistributorNetwork" name="test_distributors_for_north_warehouse" time="0.780" /><testcase classname="backend.tests.test_warehouse_network_navigation.TestWarehouseDistributorNetwork" name="test_unknown_warehouse_returns_404" time="0.211" /></testsuite></testsuites>