<?xml version="1.0" encoding="utf-8"?><testsuites name="pytest tests"><testsuite name="pytest" errors="0" failures="0" skipped="0" tests="14" time="31.064" timestamp="2026-06-12T10:55:00.702078+00:00" hostname="agent-env-e44efa43-2739-45c4-bdbc-54c6db527e43"><testcase classname="backend.tests.test_logistics_ai.TestPredictions" name="test_payload_shape" time="8.581" /><testcase classname="backend.tests.test_logistics_ai.TestPredictions" name="test_cached_within_ttl" time="1.652" /><testcase classname="backend.tests.test_logistics_ai.TestPredictions" name="test_refresh_recomputes" time="4.045" /><testcase classname="backend.tests.test_logistics_ai.TestPredictions" name="test_distributor_403" time="0.757" /><testcase classname="backend.tests.test_logistics_ai.TestCopilot" name="test_chat_grounded" time="1.952" /><testcase classname="backend.tests.test_logistics_ai.TestCopilot" name="test_chat_multi_turn" time="3.839" /><testcase classname="backend.tests.test_logistics_ai.TestCopilot" name="test_chat_empty_400" time="0.260" /><testcase classname="backend.tests.test_logistics_ai.TestCopilot" name="test_history_chrono" time="2.917" /><testcase classname="backend.tests.test_logistics_ai.TestCopilot" name="test_distributor_403" time="0.210" /><testcase classname="backend.tests.test_logistics_ai.TestDemandDelivery" name="test_payload_shape" time="0.310" /><testcase classname="backend.tests.test_logistics_ai.TestDemandDelivery" name="test_cached_within_ttl" time="1.622" /><testcase classname="backend.tests.test_logistics_ai.TestDemandDelivery" name="test_refresh_recomputes" time="4.554" /><testcase classname="backend.tests.test_logistics_ai.TestDemandDelivery" name="test_distributor_403" time="0.262" /><testcase classname="backend.tests.test_logistics_ai.TestDelayPredictedEmit" name="test_emit_code_path_present" time="0.000" /></testsuite></testsuites>