<?xml version="1.0" encoding="utf-8"?><testsuites name="pytest tests"><testsuite name="pytest" errors="0" failures="0" skipped="0" tests="15" time="48.080" timestamp="2026-06-11T09:00:44.636771+00:00" hostname="agent-env-e44efa43-2739-45c4-bdbc-54c6db527e43"><testcase classname="backend.tests.test_logistics.TestOverview" name="test_kpis" time="3.852" /><testcase classname="backend.tests.test_logistics.TestOverview" name="test_map" time="0.000" /><testcase classname="backend.tests.test_logistics.TestOverview" name="test_alerts_sorted_critical_first" time="0.000" /><testcase classname="backend.tests.test_logistics.TestOverview" name="test_authorization_shape" time="0.000" /><testcase classname="backend.tests.test_logistics.TestOverview" name="test_pipeline_monotonic" time="0.000" /><testcase classname="backend.tests.test_logistics.TestOverview" name="test_forecast_present" time="0.002" /><testcase classname="backend.tests.test_logistics.TestOverview" name="test_transfers_active" time="0.000" /><testcase classname="backend.tests.test_logistics.TestTransfers" name="test_create_transfer_same_src_dst_400" time="0.535" /><testcase classname="backend.tests.test_logistics.TestTransfers" name="test_create_transfer_insufficient_stock_400" time="0.677" /><testcase classname="backend.tests.test_logistics.TestTransfers" name="test_create_and_deliver_transfer" time="2.657" /><testcase classname="backend.tests.test_logistics.TestTransfers" name="test_cancel_transfer_restores_stock" time="2.242" /><testcase classname="backend.tests.test_logistics.TestReplenishment" name="test_reject_pending_request" time="0.781" /><testcase classname="backend.tests.test_logistics.TestReplenishment" name="test_approve_warehouse_request_creates_transfer" time="4.733" /><testcase classname="backend.tests.test_logistics.TestAIRecommendation" name="test_recompute_and_execute" time="29.293" /><testcase classname="backend.tests.test_logistics.TestTenantIsolation" name="test_flour_sees_only_flour" time="3.233" /></testsuite></testsuites>