<?xml version="1.0" encoding="utf-8"?><testsuites name="pytest tests"><testsuite name="pytest" errors="0" failures="0" skipped="0" tests="13" time="4.538" timestamp="2026-06-03T11:27:16.899865+00:00" hostname="agent-env-e44efa43-2739-45c4-bdbc-54c6db527e43"><testcase classname="backend.tests.test_manufacturer_drilldown.TestManufacturerProducts" name="test_returns_enriched_list" time="0.867" /><testcase classname="backend.tests.test_manufacturer_drilldown.TestManufacturerProductDetail" name="test_full_payload" time="0.449" /><testcase classname="backend.tests.test_manufacturer_drilldown.TestManufacturerProductDetail" name="test_404_for_missing_product" time="0.101" /><testcase classname="backend.tests.test_manufacturer_drilldown.TestManufacturerDistributorDetail" name="test_full_payload" time="0.209" /><testcase classname="backend.tests.test_manufacturer_drilldown.TestManufacturerDistributorDetail" name="test_404_for_missing_distributor" time="0.099" /><testcase classname="backend.tests.test_manufacturer_drilldown.TestUpdateProduct" name="test_patch_valid_and_unknown" time="0.603" /><testcase classname="backend.tests.test_manufacturer_drilldown.TestUpdateProduct" name="test_patch_404" time="0.119" /><testcase classname="backend.tests.test_manufacturer_drilldown.TestUpdateDistributor" name="test_patch_valid" time="0.346" /><testcase classname="backend.tests.test_manufacturer_drilldown.TestUpdateDistributor" name="test_patch_404" time="0.102" /><testcase classname="backend.tests.test_manufacturer_drilldown.TestAdjustInventory" name="test_delta_and_set_modes" time="0.844" /><testcase classname="backend.tests.test_manufacturer_drilldown.TestAdjustInventory" name="test_invalid_owner_type" time="0.100" /><testcase classname="backend.tests.test_manufacturer_drilldown.TestAdjustInventory" name="test_missing_required_fields" time="0.107" /><testcase classname="backend.tests.test_manufacturer_drilldown.TestDistributorInventoryRegression" name="test_distributor_inventory_still_works" time="0.378" /></testsuite></testsuites>