<?xml version="1.0" encoding="utf-8"?><testsuites name="pytest tests"><testsuite name="pytest" errors="0" failures="0" skipped="0" tests="10" time="3.255" timestamp="2026-06-08T12:38:45.441279+00:00" hostname="agent-env-e44efa43-2739-45c4-bdbc-54c6db527e43"><testcase classname="tests.test_organizations.TestOrganizations" name="test_super_admin_sees_all" time="0.777" /><testcase classname="tests.test_organizations.TestOrganizations" name="test_permissions_super_admin" time="0.108" /><testcase classname="tests.test_organizations.TestOrganizations" name="test_permissions_distributor" time="0.449" /><testcase classname="tests.test_organizations.TestOrganizations" name="test_distributor_scope_limited" time="0.124" /><testcase classname="tests.test_organizations.TestOrganizations" name="test_hierarchy_tree" time="0.405" /><testcase classname="tests.test_organizations.TestOrganizations" name="test_create_organization_super_admin" time="0.212" /><testcase classname="tests.test_organizations.TestOrganizations" name="test_distributor_cannot_create_distributor" time="0.121" /><testcase classname="tests.test_organizations.TestOrganizations" name="test_distributor_can_create_wholesaler" time="0.230" /><testcase classname="tests.test_organizations.TestOrganizations" name="test_invalid_parent_child_combo_400" time="0.385" /><testcase classname="tests.test_organizations.TestOrganizations" name="test_organization_codes_unique_per_type" time="0.297" /></testsuite></testsuites>