<?xml version="1.0" encoding="utf-8"?><testsuites name="pytest tests"><testsuite name="pytest" errors="0" failures="1" skipped="0" tests="21" time="5.772" timestamp="2026-06-08T12:39:49.226395+00:00" hostname="agent-env-e44efa43-2739-45c4-bdbc-54c6db527e43"><testcase classname="tests.test_organizations_extended.TestPermissionsPerRole" name="test_manufacturer_permissions" time="0.516" /><testcase classname="tests.test_organizations_extended.TestPermissionsPerRole" name="test_retailer_permissions" time="0.452" /><testcase classname="tests.test_organizations_extended.TestMyNetwork" name="test_super_admin_virtual_root" time="0.576" /><testcase classname="tests.test_organizations_extended.TestMyNetwork" name="test_non_admin_returns_own_subtree" time="0.444" /><testcase classname="tests.test_organizations_extended.TestHierarchyPaths" name="test_warehouse_visible_in_mfr_hierarchy" time="0.759" /><testcase classname="tests.test_organizations_extended.TestHierarchyPaths" name="test_codes_have_correct_prefix" time="0.000" /><testcase classname="tests.test_organizations_extended.TestHierarchyPaths" name="test_illegal_distributor_to_retailer_rejected" time="0.100" /><testcase classname="tests.test_organizations_extended.TestHierarchyPaths" name="test_cycle_prevention_via_patch" time="0.534" /><testcase classname="tests.test_organizations_extended.TestRelationships" name="test_create_relationship" time="0.335" /><testcase classname="tests.test_organizations_extended.TestRelationships" name="test_duplicate_returns_409" time="0.146" /><testcase classname="tests.test_organizations_extended.TestRelationships" name="test_self_relationship_rejected" time="0.104" /><testcase classname="tests.test_organizations_extended.TestRelationships" name="test_org_relationships_helper_inlines_counterpart" time="0.102" /><testcase classname="tests.test_organizations_extended.TestRelationships" name="test_patch_and_delete_relationship" time="0.233" /><testcase classname="tests.test_organizations_extended.TestRelationships" name="test_retailer_scope_blocks_unknown_relationship" time="0.106" /><testcase classname="tests.test_organizations_extended.TestLegacyRegression" name="test_inventory" time="0.104"><failure message="assert 422 == 200&#10; +  where 422 = &lt;Response [422]&gt;.status_code">tests/test_organizations_extended.py:297: in test_inventory
    assert r.status_code == 200
E   assert 422 == 200
E    +  where 422 = &lt;Response [422]&gt;.status_code</failure></testcase><testcase classname="tests.test_organizations_extended.TestLegacyRegression" name="test_shipments" time="0.129" /><testcase classname="tests.test_organizations_extended.TestLegacyRegression" name="test_purchase_orders" time="0.191" /><testcase classname="tests.test_organizations_extended.TestLegacyRegression" name="test_quotes" time="0.154" /><testcase classname="tests.test_organizations_extended.TestLegacyRegression" name="test_manufacturer_overview" time="0.239" /><testcase classname="tests.test_organizations_extended.TestLegacyRegression" name="test_distributor_operations_intelligence" time="0.208" /><testcase classname="tests.test_organizations_extended.TestLegacyRegression" name="test_retailer_inventory_command_center" time="0.223" /></testsuite></testsuites>