<?xml version="1.0" encoding="utf-8"?><testsuites name="pytest tests"><testsuite name="pytest" errors="0" failures="0" skipped="0" tests="31" time="32.487" timestamp="2026-06-26T12:32:43.968651+00:00" hostname="agent-env-e44efa43-2739-45c4-bdbc-54c6db527e43"><testcase classname="backend.tests.test_p0_ownership_fix" name="test_foreign_retailer_get_returns_403[/sales]" time="11.937" /><testcase classname="backend.tests.test_p0_ownership_fix" name="test_foreign_retailer_get_returns_403[/dashboard]" time="0.206" /><testcase classname="backend.tests.test_p0_ownership_fix" name="test_foreign_retailer_get_returns_403[/sales-trend]" time="0.214" /><testcase classname="backend.tests.test_p0_ownership_fix" name="test_foreign_retailer_get_returns_403[/reorder-suggestions]" time="0.196" /><testcase classname="backend.tests.test_p0_ownership_fix" name="test_foreign_retailer_get_returns_403[/insights]" time="0.239" /><testcase classname="backend.tests.test_p0_ownership_fix" name="test_foreign_retailer_get_returns_403[/activity]" time="0.238" /><testcase classname="backend.tests.test_p0_ownership_fix" name="test_foreign_retailer_get_returns_403[/inventory-command-center]" time="0.202" /><testcase classname="backend.tests.test_p0_ownership_fix" name="test_foreign_retailer_get_returns_403[/sales/summary]" time="0.225" /><testcase classname="backend.tests.test_p0_ownership_fix" name="test_foreign_retailer_get_returns_403[/sales/analytics]" time="0.209" /><testcase classname="backend.tests.test_p0_ownership_fix" name="test_foreign_retailer_get_returns_403[/sales/export.csv]" time="0.244" /><testcase classname="backend.tests.test_p0_ownership_fix" name="test_foreign_retailer_post_sales_returns_403" time="0.207" /><testcase classname="backend.tests.test_p0_ownership_fix" name="test_foreign_retailer_mark_paid_returns_403" time="0.201" /><testcase classname="backend.tests.test_p0_ownership_fix" name="test_foreign_inventory_query_returns_403" time="0.196" /><testcase classname="backend.tests.test_p0_ownership_fix" name="test_own_retailer_get_still_200[/sales]" time="0.531" /><testcase classname="backend.tests.test_p0_ownership_fix" name="test_own_retailer_get_still_200[/dashboard]" time="1.173" /><testcase classname="backend.tests.test_p0_ownership_fix" name="test_own_retailer_get_still_200[/sales-trend]" time="0.517" /><testcase classname="backend.tests.test_p0_ownership_fix" name="test_own_retailer_get_still_200[/reorder-suggestions]" time="0.439" /><testcase classname="backend.tests.test_p0_ownership_fix" name="test_own_retailer_get_still_200[/insights]" time="0.415" /><testcase classname="backend.tests.test_p0_ownership_fix" name="test_own_retailer_get_still_200[/activity]" time="0.652" /><testcase classname="backend.tests.test_p0_ownership_fix" name="test_own_retailer_get_still_200[/inventory-command-center]" time="1.069" /><testcase classname="backend.tests.test_p0_ownership_fix" name="test_own_retailer_get_still_200[/sales/summary]" time="0.632" /><testcase classname="backend.tests.test_p0_ownership_fix" name="test_own_retailer_get_still_200[/sales/analytics]" time="4.042" /><testcase classname="backend.tests.test_p0_ownership_fix" name="test_own_inventory_query_200" time="0.433" /><testcase classname="backend.tests.test_p0_ownership_fix" name="test_inventory_no_params_retailer_autoscopes" time="0.407" /><testcase classname="backend.tests.test_p0_ownership_fix" name="test_inventory_no_params_distributor_autoscopes" time="0.938" /><testcase classname="backend.tests.test_p0_ownership_fix" name="test_inventory_no_params_super_admin_must_400" time="0.726" /><testcase classname="backend.tests.test_p0_ownership_fix" name="test_unilever_mfr_can_read_own_retailer" time="2.010" /><testcase classname="backend.tests.test_p0_ownership_fix" name="test_unilever_mfr_cannot_read_competing_retailer" time="0.409" /><testcase classname="backend.tests.test_p0_ownership_fix" name="test_distributor_can_read_own_retailer" time="2.016" /><testcase classname="backend.tests.test_p0_ownership_fix" name="test_distributor_cannot_read_other_distributors_retailer" time="0.314" /><testcase classname="backend.tests.test_p0_ownership_fix" name="test_super_admin_can_read_any_retailer" time="1.163" /></testsuite></testsuites>