<?xml version="1.0" encoding="utf-8"?><testsuites name="pytest tests"><testsuite name="pytest" errors="0" failures="0" skipped="0" tests="22" time="72.934" timestamp="2026-06-26T12:33:23.188033+00:00" hostname="agent-env-e44efa43-2739-45c4-bdbc-54c6db527e43"><testcase classname="backend.tests.test_retailer_offline" name="test_idempotency_first_call_runs_normally" time="1.284" /><testcase classname="backend.tests.test_retailer_offline" name="test_idempotency_replay_returns_same_response" time="0.949" /><testcase classname="backend.tests.test_retailer_offline" name="test_idempotency_mismatched_payload_returns_409" time="0.855" /><testcase classname="backend.tests.test_retailer_offline" name="test_idempotency_client_op_id_fallback" time="0.840" /><testcase classname="backend.tests.test_retailer_offline" name="test_sale_idempotency_returns_same_id" time="1.826" /><testcase classname="backend.tests.test_retailer_offline" name="test_sale_with_customer_id_updates_crm_rollups" time="2.226" /><testcase classname="backend.tests.test_retailer_offline" name="test_sale_with_unknown_customer_id_is_400" time="0.916" /><testcase classname="backend.tests.test_retailer_offline" name="test_customers_list_excludes_soft_deleted" time="1.720" /><testcase classname="backend.tests.test_retailer_offline" name="test_customers_phone_upsert" time="0.757" /><testcase classname="backend.tests.test_retailer_offline" name="test_customers_patch_with_stale_if_match_412" time="1.148" /><testcase classname="backend.tests.test_retailer_offline" name="test_customers_updated_since_cursor" time="1.263" /><testcase classname="backend.tests.test_retailer_offline" name="test_inventory_single_delta_decrements_atomically" time="1.288" /><testcase classname="backend.tests.test_retailer_offline" name="test_inventory_idempotent_replay" time="1.374" /><testcase classname="backend.tests.test_retailer_offline" name="test_inventory_negative_warning" time="1.672" /><testcase classname="backend.tests.test_retailer_offline" name="test_inventory_batch_partial_replay" time="1.799" /><testcase classname="backend.tests.test_retailer_offline" name="test_inventory_ledger_lists_adjustments" time="36.086" /><testcase classname="backend.tests.test_retailer_offline" name="test_sales_updated_since_returns_only_newer" time="12.081" /><testcase classname="backend.tests.test_retailer_offline" name="test_unauthenticated_endpoints_are_locked" time="0.221" /><testcase classname="backend.tests.test_retailer_offline" name="test_cross_tenant_retailer_access_denied" time="0.199" /><testcase classname="backend.tests.test_organizations_alias" name="test_mobile_aliases_return_canonical_wholesalers" time="2.004" /><testcase classname="backend.tests.test_organizations_alias" name="test_response_carries_type_alias" time="1.299" /><testcase classname="backend.tests.test_organizations_alias" name="test_manufacturer_id_alias_filters_by_ancestor" time="1.054" /></testsuite></testsuites>