<?xml version="1.0" encoding="utf-8"?><testsuites name="pytest tests"><testsuite name="pytest" errors="0" failures="0" skipped="0" tests="15" time="23.455" timestamp="2026-06-17T21:08:21.812583+00:00" hostname="agent-env-e44efa43-2739-45c4-bdbc-54c6db527e43"><testcase classname="backend.tests.test_p0p1_sprint.TestManufacturerOverview" name="test_overview_snapshot_fresh" time="0.783" /><testcase classname="backend.tests.test_p0p1_sprint.TestManufacturerOverview" name="test_overview_kpis_exposed" time="0.161" /><testcase classname="backend.tests.test_p0p1_sprint.TestControlTower" name="test_ct_kpis_new_fields" time="4.884" /><testcase classname="backend.tests.test_p0p1_sprint.TestControlTower" name="test_ct_tier_inventory_retailer_nonzero" time="4.290" /><testcase classname="backend.tests.test_p0p1_sprint.TestControlTower" name="test_ct_map_excludes_archived" time="4.192" /><testcase classname="backend.tests.test_p0p1_sprint.TestWholesalerOverview" name="test_active_retailers_present" time="1.928" /><testcase classname="backend.tests.test_p0p1_sprint.TestWholesalerOverview" name="test_outgoing_shipments_live" time="1.316" /><testcase classname="backend.tests.test_p0p1_sprint.TestWholesalerOverview" name="test_ai_insight_says_retailers" time="1.389" /><testcase classname="backend.tests.test_p0p1_sprint.TestDistributorOpsIntel" name="test_ops_intel_nonzero" time="0.706" /><testcase classname="backend.tests.test_p0p1_sprint.TestRetailerDashboard" name="test_sales_today_revenue" time="1.645" /><testcase classname="backend.tests.test_p0p1_sprint.TestRetailerDashboard" name="test_pending_deliveries_includes_both" time="1.005" /><testcase classname="backend.tests.test_p0p1_sprint.TestBulkAck" name="test_bulk_ack_critical" time="0.269" /><testcase classname="backend.tests.test_p0p1_sprint.TestArchiveVehicles" name="test_archive_endpoint" time="0.271" /><testcase classname="backend.tests.test_p0p1_sprint.TestArchiveVehicles" name="test_list_archived" time="0.541" /><testcase classname="backend.tests.test_p0p1_sprint.TestDatabaseStateViaAudit" name="test_audit_json_clean" time="0.003" /></testsuite></testsuites>