<?xml version="1.0" encoding="utf-8"?><testsuites name="pytest tests"><testsuite name="pytest" errors="0" failures="0" skipped="0" tests="19" time="5.149" timestamp="2026-06-07T17:18:46.460813+00:00" hostname="agent-env-e44efa43-2739-45c4-bdbc-54c6db527e43"><testcase classname="backend.tests.test_procurement.TestCart" name="test_get_empty_cart" time="0.320" /><testcase classname="backend.tests.test_procurement.TestCart" name="test_add_item" time="1.263" /><testcase classname="backend.tests.test_procurement.TestCart" name="test_update_item_quantity" time="0.176" /><testcase classname="backend.tests.test_procurement.TestCart" name="test_remove_item" time="0.165" /><testcase classname="backend.tests.test_procurement.TestCart" name="test_submit_cart_creates_pos" time="0.215" /><testcase classname="backend.tests.test_procurement.TestCart" name="test_submit_empty_cart_400" time="0.101" /><testcase classname="backend.tests.test_procurement.TestPurchaseOrders" name="test_list_pos" time="0.135" /><testcase classname="backend.tests.test_procurement.TestPurchaseOrders" name="test_filter_by_status" time="0.071" /><testcase classname="backend.tests.test_procurement.TestPurchaseOrders" name="test_filter_by_statuses_csv" time="0.073" /><testcase classname="backend.tests.test_procurement.TestPurchaseOrders" name="test_lifecycle_actions" time="0.469" /><testcase classname="backend.tests.test_procurement.TestPurchaseOrders" name="test_cancel" time="0.208" /><testcase classname="backend.tests.test_procurement.TestPurchaseOrders" name="test_duplicate" time="0.112" /><testcase classname="backend.tests.test_procurement.TestPurchaseOrders" name="test_invalid_transition_400" time="0.214" /><testcase classname="backend.tests.test_procurement.TestQuotes" name="test_create_and_respond" time="0.386" /><testcase classname="backend.tests.test_procurement.TestQuotes" name="test_response_replaces_existing" time="0.377" /><testcase classname="backend.tests.test_procurement.TestQuotes" name="test_respond_uninvited_403" time="0.332" /><testcase classname="backend.tests.test_procurement.TestQuotes" name="test_close_quote" time="0.334" /><testcase classname="backend.tests.test_procurement.TestAIRecommendations" name="test_returns_recommendations" time="0.060" /><testcase classname="backend.tests.test_procurement.TestAIRecommendations" name="test_unknown_retailer_404" time="0.065" /></testsuite></testsuites>