<?xml version="1.0" encoding="utf-8"?><testsuites name="pytest tests"><testsuite name="pytest" errors="0" failures="0" skipped="0" tests="23" time="0.850" timestamp="2026-06-04T14:42:02.154407+00:00" hostname="agent-env-e44efa43-2739-45c4-bdbc-54c6db527e43"><testcase classname="backend.tests.test_product_intelligence.TestShape" name="test_top_level_keys" time="0.722" /><testcase classname="backend.tests.test_product_intelligence.TestShape" name="test_manufacturer_block" time="0.000" /><testcase classname="backend.tests.test_product_intelligence.TestKpis" name="test_kpi_products_15" time="0.000" /><testcase classname="backend.tests.test_product_intelligence.TestKpis" name="test_active_batches_min_30" time="0.000" /><testcase classname="backend.tests.test_product_intelligence.TestKpis" name="test_units_in_network_positive" time="0.000" /><testcase classname="backend.tests.test_product_intelligence.TestKpis" name="test_expiring_90d_non_negative" time="0.000" /><testcase classname="backend.tests.test_product_intelligence.TestKpis" name="test_at_risk_value_non_negative" time="0.000" /><testcase classname="backend.tests.test_product_intelligence.TestKpis" name="test_revenue_90d_non_negative" time="0.000" /><testcase classname="backend.tests.test_product_intelligence.TestBatchHealth" name="test_total_positive" time="0.000" /><testcase classname="backend.tests.test_product_intelligence.TestBatchHealth" name="test_breakdown_four_statuses" time="0.000" /><testcase classname="backend.tests.test_product_intelligence.TestBatchHealth" name="test_breakdown_pcts_sum_to_100" time="0.000" /><testcase classname="backend.tests.test_product_intelligence.TestExpiryRisk" name="test_three_buckets" time="0.000" /><testcase classname="backend.tests.test_product_intelligence.TestExpiryRisk" name="test_nearest_expiry_present" time="0.000" /><testcase classname="backend.tests.test_product_intelligence.TestPortfolio" name="test_row_per_product" time="0.000" /><testcase classname="backend.tests.test_product_intelligence.TestPortfolio" name="test_row_fields" time="0.000" /><testcase classname="backend.tests.test_product_intelligence.TestPortfolio" name="test_inventory_health_enum" time="0.000" /><testcase classname="backend.tests.test_product_intelligence.TestPortfolio" name="test_sparkline_30_elements" time="0.000" /><testcase classname="backend.tests.test_product_intelligence.TestAiBrief" name="test_insights_up_to_4" time="0.000" /><testcase classname="backend.tests.test_product_intelligence.TestAiBrief" name="test_score_block" time="0.000" /><testcase classname="backend.tests.test_product_intelligence.TestHeatmap" name="test_rows" time="0.000" /><testcase classname="backend.tests.test_product_intelligence.TestErrors" name="test_invalid_manufacturer_404" time="0.056" /><testcase classname="backend.tests.test_product_intelligence.TestBatchSeed" name="test_total_batches_equals_45" time="0.000" /><testcase classname="backend.tests.test_product_intelligence.TestBatchSeed" name="test_three_batches_per_product" time="0.000" /></testsuite></testsuites>