<?xml version="1.0" encoding="utf-8"?><testsuites name="pytest tests"><testsuite name="pytest" errors="0" failures="0" skipped="0" tests="18" time="6.127" timestamp="2026-05-16T16:32:45.533679+00:00" hostname="agent-env-e44efa43-2739-45c4-bdbc-54c6db527e43"><testcase classname="backend.tests.test_supply_chain.TestMasterData" name="test_root" time="0.315" /><testcase classname="backend.tests.test_supply_chain.TestMasterData" name="test_distributors" time="0.645" /><testcase classname="backend.tests.test_supply_chain.TestMasterData" name="test_retailers_filter_by_distributor" time="0.202" /><testcase classname="backend.tests.test_supply_chain.TestMasterData" name="test_products" time="0.000" /><testcase classname="backend.tests.test_supply_chain.TestInventory" name="test_distributor_inventory_joined_with_product" time="0.197" /><testcase classname="backend.tests.test_supply_chain.TestInventory" name="test_retailer_inventory" time="0.208" /><testcase classname="backend.tests.test_supply_chain.TestShipmentsLifecycle" name="test_list_shipments_enriched" time="0.125" /><testcase classname="backend.tests.test_supply_chain.TestShipmentsLifecycle" name="test_full_pending_to_received_flow" time="1.486" /><testcase classname="backend.tests.test_supply_chain.TestShipmentsLifecycle" name="test_status_404" time="0.126" /><testcase classname="backend.tests.test_supply_chain.TestRequests" name="test_create_request_notifies_distributor" time="0.245" /><testcase classname="backend.tests.test_supply_chain.TestRequests" name="test_approve_creates_shipment_and_can_fulfill" time="0.781" /><testcase classname="backend.tests.test_supply_chain.TestRequests" name="test_reject_sets_rejected" time="0.269" /><testcase classname="backend.tests.test_supply_chain.TestNotifications" name="test_list_mark_and_clear" time="0.486" /><testcase classname="backend.tests.test_supply_chain.TestNotifications" name="test_mark_unknown_notification" time="0.225" /><testcase classname="backend.tests.test_supply_chain.TestAnalytics" name="test_distributor_analytics" time="0.104" /><testcase classname="backend.tests.test_supply_chain.TestAnalytics" name="test_invalid_role" time="0.179" /><testcase classname="backend.tests.test_supply_chain.TestReports" name="test_shipments_csv" time="0.214" /><testcase classname="backend.tests.test_supply_chain.TestReports" name="test_inventory_csv" time="0.137" /></testsuite></testsuites>