<?xml version="1.0" encoding="utf-8"?><testsuites name="pytest tests"><testsuite name="pytest" errors="0" failures="0" skipped="0" tests="36" time="7.293" timestamp="2026-05-16T18:38:20.891603+00:00" hostname="agent-env-e44efa43-2739-45c4-bdbc-54c6db527e43"><testcase classname="backend.tests.test_retailer_ops.TestInventoryVelocity" name="test_retailer_inventory_has_velocity" time="0.557" /><testcase classname="backend.tests.test_retailer_ops.TestRetailerDashboard" name="test_dashboard_structure" time="0.109" /><testcase classname="backend.tests.test_retailer_ops.TestRetailerDashboard" name="test_dashboard_404" time="0.105" /><testcase classname="backend.tests.test_retailer_ops.TestRetailerInsights" name="test_insights_shape" time="0.135" /><testcase classname="backend.tests.test_retailer_ops.TestReorderSuggestions" name="test_suggestions_excludes_healthy" time="0.103" /><testcase classname="backend.tests.test_retailer_ops.TestQuickReorder" name="test_quick_reorder_with_items" time="0.325" /><testcase classname="backend.tests.test_retailer_ops.TestQuickReorder" name="test_quick_reorder_empty_items_400" time="0.174" /><testcase classname="backend.tests.test_retailer_ops.TestQuickReorder" name="test_quick_reorder_with_shipment_id" time="0.228" /><testcase classname="backend.tests.test_retailer_ops.TestQuickReorder" name="test_quick_reorder_unknown_retailer" time="0.103" /><testcase classname="backend.tests.test_retailer_ops.TestSalesTrend" name="test_sales_trend_7days" time="0.102" /><testcase classname="backend.tests.test_retailer_ops.TestActivityFeed" name="test_activity_merged_and_sorted" time="0.111" /><testcase classname="backend.tests.test_retailer_ops.TestSeedDailySales" name="test_primary_retailer_has_sales" time="0.111" /><testcase classname="backend.tests.test_supply_chain.TestSeed" name="test_seed_counts" time="0.600" /><testcase classname="backend.tests.test_supply_chain.TestMasterData" name="test_root" time="0.122" /><testcase classname="backend.tests.test_supply_chain.TestMasterData" name="test_manufacturers" time="0.000" /><testcase classname="backend.tests.test_supply_chain.TestMasterData" name="test_distributors_count_and_link" time="0.139" /><testcase classname="backend.tests.test_supply_chain.TestMasterData" name="test_distributors_filter_by_unknown_mfg" time="0.111" /><testcase classname="backend.tests.test_supply_chain.TestMasterData" name="test_retailers_count_and_filter" time="0.112" /><testcase classname="backend.tests.test_supply_chain.TestMasterData" name="test_products" time="0.000" /><testcase classname="backend.tests.test_supply_chain.TestInventory" name="test_manufacturer_inventory" time="0.112" /><testcase classname="backend.tests.test_supply_chain.TestInventory" name="test_distributor_inventory" time="0.142" /><testcase classname="backend.tests.test_supply_chain.TestInventory" name="test_retailer_inventory" time="0.126" /><testcase classname="backend.tests.test_supply_chain.TestShipmentMfgToDist" name="test_create_and_lifecycle_mfg_to_dist" time="1.232" /><testcase classname="backend.tests.test_supply_chain.TestShipmentDistToRetailer" name="test_dist_to_retailer_flow" time="0.336" /><testcase classname="backend.tests.test_supply_chain.TestShipmentList" name="test_list_filters_and_enrichment" time="0.202" /><testcase classname="backend.tests.test_supply_chain.TestShipmentList" name="test_status_404" time="0.115" /><testcase classname="backend.tests.test_supply_chain.TestRequests" name="test_create_and_approve_request" time="0.255" /><testcase classname="backend.tests.test_supply_chain.TestRequests" name="test_reject_request" time="0.304" /><testcase classname="backend.tests.test_supply_chain.TestNotifications" name="test_list_and_read_all" time="0.344" /><testcase classname="backend.tests.test_supply_chain.TestNotifications" name="test_unknown_notification_404" time="0.102" /><testcase classname="backend.tests.test_supply_chain.TestAnalytics" name="test_manufacturer_analytics" time="0.110" /><testcase classname="backend.tests.test_supply_chain.TestAnalytics" name="test_distributor_analytics" time="0.116" /><testcase classname="backend.tests.test_supply_chain.TestAnalytics" name="test_invalid_role" time="0.105" /><testcase classname="backend.tests.test_supply_chain.TestReports" name="test_shipments_csv_manufacturer" time="0.115" /><testcase classname="backend.tests.test_supply_chain.TestReports" name="test_shipments_csv_distributor" time="0.109" /><testcase classname="backend.tests.test_supply_chain.TestReports" name="test_inventory_csv" time="0.121" /></testsuite></testsuites>