<?xml version="1.0" encoding="utf-8"?><testsuites name="pytest tests"><testsuite name="pytest" errors="0" failures="1" skipped="0" tests="12" time="2.456" timestamp="2026-05-16T18:38:06.548356+00:00" hostname="agent-env-e44efa43-2739-45c4-bdbc-54c6db527e43"><testcase classname="backend.tests.test_retailer_ops.TestInventoryVelocity" name="test_retailer_inventory_has_velocity" time="0.661" /><testcase classname="backend.tests.test_retailer_ops.TestRetailerDashboard" name="test_dashboard_structure" time="0.103" /><testcase classname="backend.tests.test_retailer_ops.TestRetailerDashboard" name="test_dashboard_404" time="0.106" /><testcase classname="backend.tests.test_retailer_ops.TestRetailerInsights" name="test_insights_shape" time="0.136" /><testcase classname="backend.tests.test_retailer_ops.TestReorderSuggestions" name="test_suggestions_excludes_healthy" time="0.119" /><testcase classname="backend.tests.test_retailer_ops.TestQuickReorder" name="test_quick_reorder_with_items" time="0.321" /><testcase classname="backend.tests.test_retailer_ops.TestQuickReorder" name="test_quick_reorder_empty_items_400" time="0.135" /><testcase classname="backend.tests.test_retailer_ops.TestQuickReorder" name="test_quick_reorder_with_shipment_id" time="0.261" /><testcase classname="backend.tests.test_retailer_ops.TestQuickReorder" name="test_quick_reorder_unknown_retailer" time="0.109" /><testcase classname="backend.tests.test_retailer_ops.TestSalesTrend" name="test_sales_trend_7days" time="0.102" /><testcase classname="backend.tests.test_retailer_ops.TestActivityFeed" name="test_activity_merged_and_sorted" time="0.103"><failure message="AssertionError: assert 'tracking_code' in {'kind': 'shipment', 'message': 'Shipment SHP-6EB41478 from SUARA &amp; CO. is pending dispatch.', 'read': False, 'title': 'New Shipment Created', ...}">backend/tests/test_retailer_ops.py:204: in test_activity_merged_and_sorted
    assert "tracking_code" in it
E   AssertionError: assert 'tracking_code' in {'kind': 'shipment', 'message': 'Shipment SHP-6EB41478 from SUARA &amp; CO. is pending dispatch.', 'read': False, 'title': 'New Shipment Created', ...}</failure></testcase><testcase classname="backend.tests.test_retailer_ops.TestSeedDailySales" name="test_primary_retailer_has_sales" time="0.106" /></testsuite></testsuites>