<?xml version="1.0" encoding="utf-8"?><testsuites name="pytest tests"><testsuite name="pytest" errors="0" failures="0" skipped="0" tests="24" time="5.613" timestamp="2026-05-16T16:47:04.782928+00:00" hostname="agent-env-e44efa43-2739-45c4-bdbc-54c6db527e43"><testcase classname="backend.tests.test_supply_chain.TestSeed" name="test_seed_counts" time="0.898" /><testcase classname="backend.tests.test_supply_chain.TestMasterData" name="test_root" time="0.109" /><testcase classname="backend.tests.test_supply_chain.TestMasterData" name="test_manufacturers" time="0.000" /><testcase classname="backend.tests.test_supply_chain.TestMasterData" name="test_distributors_count_and_link" time="0.143" /><testcase classname="backend.tests.test_supply_chain.TestMasterData" name="test_distributors_filter_by_unknown_mfg" time="0.104" /><testcase classname="backend.tests.test_supply_chain.TestMasterData" name="test_retailers_count_and_filter" time="0.109" /><testcase classname="backend.tests.test_supply_chain.TestMasterData" name="test_products" time="0.000" /><testcase classname="backend.tests.test_supply_chain.TestInventory" name="test_manufacturer_inventory" time="0.103" /><testcase classname="backend.tests.test_supply_chain.TestInventory" name="test_distributor_inventory" time="0.135" /><testcase classname="backend.tests.test_supply_chain.TestInventory" name="test_retailer_inventory" time="0.213" /><testcase classname="backend.tests.test_supply_chain.TestShipmentMfgToDist" name="test_create_and_lifecycle_mfg_to_dist" time="1.313" /><testcase classname="backend.tests.test_supply_chain.TestShipmentDistToRetailer" name="test_dist_to_retailer_flow" time="0.333" /><testcase classname="backend.tests.test_supply_chain.TestShipmentList" name="test_list_filters_and_enrichment" time="0.217" /><testcase classname="backend.tests.test_supply_chain.TestShipmentList" name="test_status_404" time="0.111" /><testcase classname="backend.tests.test_supply_chain.TestRequests" name="test_create_and_approve_request" time="0.221" /><testcase classname="backend.tests.test_supply_chain.TestRequests" name="test_reject_request" time="0.234" /><testcase classname="backend.tests.test_supply_chain.TestNotifications" name="test_list_and_read_all" time="0.326" /><testcase classname="backend.tests.test_supply_chain.TestNotifications" name="test_unknown_notification_404" time="0.132" /><testcase classname="backend.tests.test_supply_chain.TestAnalytics" name="test_manufacturer_analytics" time="0.108" /><testcase classname="backend.tests.test_supply_chain.TestAnalytics" name="test_distributor_analytics" time="0.115" /><testcase classname="backend.tests.test_supply_chain.TestAnalytics" name="test_invalid_role" time="0.103" /><testcase classname="backend.tests.test_supply_chain.TestReports" name="test_shipments_csv_manufacturer" time="0.142" /><testcase classname="backend.tests.test_supply_chain.TestReports" name="test_shipments_csv_distributor" time="0.128" /><testcase classname="backend.tests.test_supply_chain.TestReports" name="test_inventory_csv" time="0.111" /></testsuite></testsuites>