<?xml version="1.0" encoding="utf-8"?><testsuites name="pytest tests"><testsuite name="pytest" errors="0" failures="0" skipped="0" tests="25" time="13.898" timestamp="2026-06-12T09:39:05.824597+00:00" hostname="agent-env-e44efa43-2739-45c4-bdbc-54c6db527e43"><testcase classname="backend.tests.test_route_planning.TestBoard" name="test_shape" time="3.411" /><testcase classname="backend.tests.test_route_planning.TestBoard" name="test_warehouses_have_coords" time="0.000" /><testcase classname="backend.tests.test_route_planning.TestBoard" name="test_destinations_have_coords" time="0.000" /><testcase classname="backend.tests.test_route_planning.TestBoard" name="test_pending_shape" time="0.000" /><testcase classname="backend.tests.test_route_planning.TestBoard" name="test_routes_progress_fields" time="0.000" /><testcase classname="backend.tests.test_route_planning.TestPreviewValidation" name="test_empty_stops_400" time="0.319" /><testcase classname="backend.tests.test_route_planning.TestPreviewValidation" name="test_unknown_origin_404" time="0.311" /><testcase classname="backend.tests.test_route_planning.TestPreviewValidation" name="test_unknown_destination_404" time="0.513" /><testcase classname="backend.tests.test_route_planning.TestPreviewValidation" name="test_unknown_shipment_404" time="0.416" /><testcase classname="backend.tests.test_route_planning.TestPreviewValidation" name="test_ad_hoc_without_items_400" time="0.415" /><testcase classname="backend.tests.test_route_planning.TestPreviewValidation" name="test_too_many_stops_400" time="0.367" /><testcase classname="backend.tests.test_route_planning.TestPreviewValidation" name="test_shipment_from_different_warehouse_400" time="0.420" /><testcase classname="backend.tests.test_route_planning.TestPreview" name="test_adhoc_preview_returns_google_route" time="0.669" /><testcase classname="backend.tests.test_route_planning.TestDispatch" name="test_dispatch_response" time="2.140" /><testcase classname="backend.tests.test_route_planning.TestDispatch" name="test_route_detail_endpoint" time="0.525" /><testcase classname="backend.tests.test_route_planning.TestDispatch" name="test_route_detail_404" time="0.307" /><testcase classname="backend.tests.test_route_planning.TestDispatch" name="test_vehicle_reuse_not_idle_400" time="1.291" /><testcase classname="backend.tests.test_route_planning.TestTenantSecurity" name="test_board_forbidden[dist_headers]" time="0.746" /><testcase classname="backend.tests.test_route_planning.TestTenantSecurity" name="test_board_forbidden[who_headers]" time="0.730" /><testcase classname="backend.tests.test_route_planning.TestTenantSecurity" name="test_preview_forbidden[dist_headers]" time="0.207" /><testcase classname="backend.tests.test_route_planning.TestTenantSecurity" name="test_preview_forbidden[who_headers]" time="0.228" /><testcase classname="backend.tests.test_route_planning.TestTenantSecurity" name="test_dispatch_forbidden[dist_headers]" time="0.197" /><testcase classname="backend.tests.test_route_planning.TestTenantSecurity" name="test_dispatch_forbidden[who_headers]" time="0.202" /><testcase classname="backend.tests.test_route_planning.TestTenantSecurity" name="test_route_detail_forbidden[dist_headers]" time="0.197" /><testcase classname="backend.tests.test_route_planning.TestTenantSecurity" name="test_route_detail_forbidden[who_headers]" time="0.208" /></testsuite></testsuites>