<?xml version="1.0" encoding="utf-8"?><testsuites name="pytest tests"><testsuite name="pytest" errors="0" failures="0" skipped="0" tests="9" time="10.194" timestamp="2026-05-17T19:26:39.840055+00:00" hostname="agent-env-e44efa43-2739-45c4-bdbc-54c6db527e43"><testcase classname="backend.tests.test_sales" name="test_sales_summary_shape" time="0.598" /><testcase classname="backend.tests.test_sales" name="test_create_sale_deducts_inventory" time="0.461" /><testcase classname="backend.tests.test_sales" name="test_create_sale_insufficient_stock" time="0.122" /><testcase classname="backend.tests.test_sales" name="test_create_sale_empty_items" time="0.135" /><testcase classname="backend.tests.test_sales" name="test_create_sale_credit_pending" time="0.270" /><testcase classname="backend.tests.test_sales" name="test_list_sales_pagination_and_filters" time="0.228" /><testcase classname="backend.tests.test_sales" name="test_sales_analytics" time="7.687" /><testcase classname="backend.tests.test_sales" name="test_export_csv" time="0.165" /><testcase classname="backend.tests.test_sales" name="test_mark_paid" time="0.315" /></testsuite></testsuites>