<?xml version="1.0" encoding="utf-8"?><testsuites name="pytest tests"><testsuite name="pytest" errors="0" failures="0" skipped="0" tests="10" time="42.786" timestamp="2026-06-11T19:04:22.804967+00:00" hostname="agent-env-e44efa43-2739-45c4-bdbc-54c6db527e43"><testcase classname="backend.tests.test_simulator" name="test_status_requires_super_admin" time="7.894" /><testcase classname="backend.tests.test_simulator" name="test_status_payload" time="2.403" /><testcase classname="backend.tests.test_simulator" name="test_seed_demo_idempotent" time="2.984" /><testcase classname="backend.tests.test_simulator" name="test_toggle_off_on" time="5.258" /><testcase classname="backend.tests.test_simulator" name="test_level_medium" time="2.075" /><testcase classname="backend.tests.test_simulator" name="test_force_tick" time="13.105" /><testcase classname="backend.tests.test_simulator" name="test_events_endpoint" time="0.335" /><testcase classname="backend.tests.test_simulator" name="test_generated_marker_present" time="1.606" /><testcase classname="backend.tests.test_simulator" name="test_purge" time="3.500" /><testcase classname="backend.tests.test_simulator" name="test_clear_participants" time="3.539" /></testsuite></testsuites>