<?xml version="1.0" encoding="utf-8"?><testsuites name="pytest tests"><testsuite name="pytest" errors="0" failures="0" skipped="0" tests="9" time="22.420" timestamp="2026-06-14T07:17:16.762934+00:00" hostname="agent-env-e44efa43-2739-45c4-bdbc-54c6db527e43"><testcase classname="tests.test_strict_ownership_hierarchy.TestDistributorOperationsIntelligence" name="test_endpoint_returns_wholesaler_keys" time="16.739" /><testcase classname="tests.test_strict_ownership_hierarchy.TestDistributorOperationsIntelligence" name="test_totals_use_wholesalers" time="0.149" /><testcase classname="tests.test_strict_ownership_hierarchy.TestDistributorOperationsIntelligence" name="test_downstream_visibility_block" time="0.150" /><testcase classname="tests.test_strict_ownership_hierarchy.TestDistributorOperationsIntelligence" name="test_kpis_active_wholesalers" time="0.148" /><testcase classname="tests.test_strict_ownership_hierarchy.TestDistributorOperationsIntelligence" name="test_performance_matrix_has_code_and_active_retailers" time="0.151" /><testcase classname="tests.test_strict_ownership_hierarchy.TestWholesalerNetwork" name="test_key_account_retailers_zero" time="1.825" /><testcase classname="tests.test_strict_ownership_hierarchy.TestWholesalerNetwork" name="test_apex_wholesalers_have_six_retailers_each" time="1.702" /><testcase classname="tests.test_strict_ownership_hierarchy.TestManufacturerOverview" name="test_warehouses_and_downstream_blocks" time="0.732" /><testcase classname="tests.test_strict_ownership_hierarchy.TestMultiTenantDistributor" name="test_fmn_distributor_has_wholesalers" time="0.743" /></testsuite></testsuites>