<?xml version="1.0" encoding="utf-8"?><testsuites name="pytest tests"><testsuite name="pytest" errors="0" failures="0" skipped="0" tests="20" time="32.621" timestamp="2026-06-20T11:53:33.292581+00:00" hostname="agent-env-e44efa43-2739-45c4-bdbc-54c6db527e43"><testcase classname="backend.tests.test_track_a_logistics.TestDriverAuth" name="test_driver_login_returns_driver_role" time="2.023" /><testcase classname="backend.tests.test_track_a_logistics.TestDriverCreate" name="test_employee_number_duplicate_returns_409" time="0.317" /><testcase classname="backend.tests.test_track_a_logistics.TestVehicleCreate" name="test_duplicate_registration_returns_409" time="0.847" /><testcase classname="backend.tests.test_track_a_logistics.TestLifecycle" name="test_lifecycle_reaches_arrived" time="6.319" /><testcase classname="backend.tests.test_track_a_logistics.TestOTPFlow" name="test_otp_notification_present" time="1.058" /><testcase classname="backend.tests.test_track_a_logistics.TestOTPFlow" name="test_wrong_otp_returns_401_with_attempts" time="0.751" /><testcase classname="backend.tests.test_track_a_logistics.TestOTPFlow" name="test_brute_force_lockout" time="3.313" /><testcase classname="backend.tests.test_track_a_logistics.TestTenantIsolation" name="test_other_tenant_cannot_read" time="0.948" /><testcase classname="backend.tests.test_track_a_logistics.TestDeprecatedPatch" name="test_patch_status_returns_410" time="0.198" /><testcase classname="backend.tests.test_track_a_logistics.TestTimeline" name="test_timeline_returns_history" time="0.414" /><testcase classname="backend.tests.test_track_a_logistics.TestInvalidTransitions" name="test_load_on_created_returns_409" time="0.718" /><testcase classname="backend.tests.test_track_a_logistics.TestRoleGuards" name="test_driver_cannot_ready" time="0.730" /><testcase classname="backend.tests.test_track_a_logistics.TestRoleGuards" name="test_driver_cannot_assign" time="0.819" /><testcase classname="backend.tests.test_track_a_logistics.TestRoleGuards" name="test_driver_cannot_cancel" time="0.713" /><testcase classname="backend.tests.test_track_a_logistics.TestDriverSelf" name="test_driver_me" time="0.308" /><testcase classname="backend.tests.test_track_a_logistics.TestDriverSelf" name="test_driver_my_shipments" time="0.414" /><testcase classname="backend.tests.test_track_a_logistics.TestDriverSelf" name="test_driver_cannot_read_other_driver_shipment" time="0.810" /><testcase classname="backend.tests.test_track_a_logistics.TestMigration" name="test_shipments_have_schema_version_2" time="0.308" /><testcase classname="backend.tests.test_track_a_logistics.TestBackwardsCompat" name="test_mfg_can_list_shipments" time="0.864" /><testcase classname="backend.tests.test_track_a_logistics.TestSuccessfulDelivery" name="test_deliver_with_correct_otp_succeeds" time="10.676" /></testsuite></testsuites>