<?xml version="1.0" encoding="utf-8"?><testsuites name="pytest tests"><testsuite name="pytest" errors="0" failures="0" skipped="0" tests="17" time="24.766" timestamp="2026-06-11T12:49:07.019898+00:00" hostname="agent-env-e44efa43-2739-45c4-bdbc-54c6db527e43"><testcase classname="backend.tests.test_wholesaler.TestAuthAndEntity" name="test_login_returns_wholesaler" time="2.679" /><testcase classname="backend.tests.test_wholesaler.TestAuthAndEntity" name="test_get_wholesaler_entity" time="0.748" /><testcase classname="backend.tests.test_wholesaler.TestAuthAndEntity" name="test_get_wholesaler_unknown_404" time="0.149" /><testcase classname="backend.tests.test_wholesaler.TestOverview" name="test_overview_shape" time="1.000" /><testcase classname="backend.tests.test_wholesaler.TestInventory" name="test_inventory_list" time="0.686" /><testcase classname="backend.tests.test_wholesaler.TestInventory" name="test_multitenant_isolation" time="0.687" /><testcase classname="backend.tests.test_wholesaler.TestInventory" name="test_receive_then_movement_logged" time="2.231" /><testcase classname="backend.tests.test_wholesaler.TestInventory" name="test_adjust_inventory" time="1.871" /><testcase classname="backend.tests.test_wholesaler.TestInventory" name="test_cycle_count" time="1.870" /><testcase classname="backend.tests.test_wholesaler.TestInventory" name="test_movements_endpoint" time="0.362" /><testcase classname="backend.tests.test_wholesaler.TestProcurement" name="test_list_pos" time="0.474" /><testcase classname="backend.tests.test_wholesaler.TestProcurement" name="test_suppliers" time="0.680" /><testcase classname="backend.tests.test_wholesaler.TestProcurement" name="test_catalog" time="0.682" /><testcase classname="backend.tests.test_wholesaler.TestProcurement" name="test_create_po_and_lifecycle" time="6.165" /><testcase classname="backend.tests.test_wholesaler.TestProcurement" name="test_invalid_transition" time="2.411" /><testcase classname="backend.tests.test_wholesaler.TestDistributors" name="test_distributor_directory" time="0.997" /><testcase classname="backend.tests.test_wholesaler.TestDistributors" name="test_no_unilever_distributors" time="0.999" /></testsuite></testsuites>