<?xml version="1.0" encoding="utf-8"?><testsuites name="pytest tests"><testsuite name="pytest" errors="0" failures="0" skipped="0" tests="30" time="54.817" timestamp="2026-06-11T13:22:32.912880+00:00" hostname="agent-env-e44efa43-2739-45c4-bdbc-54c6db527e43"><testcase classname="tests.test_wholesaler_phase2.TestOrdersDashboard" name="test_dashboard_shape" time="0.985" /><testcase classname="tests.test_wholesaler_phase2.TestOrdersDashboard" name="test_list_seeded_orders" time="0.374" /><testcase classname="tests.test_wholesaler_phase2.TestOrdersDashboard" name="test_filter_by_status_submitted" time="0.370" /><testcase classname="tests.test_wholesaler_phase2.TestOrdersDashboard" name="test_get_order_detail_shape" time="1.073" /><testcase classname="tests.test_wholesaler_phase2.TestOrderLifecycle" name="test_create_order_as_distributor" time="3.908" /><testcase classname="tests.test_wholesaler_phase2.TestOrderLifecycle" name="test_create_other_distributor_403" time="1.327" /><testcase classname="tests.test_wholesaler_phase2.TestOrderLifecycle" name="test_create_cross_tenant_product_400" time="5.020" /><testcase classname="tests.test_wholesaler_phase2.TestOrderLifecycle" name="test_approve_reserves_inventory_and_creates_fulfillment" time="2.409" /><testcase classname="tests.test_wholesaler_phase2.TestOrderLifecycle" name="test_approve_non_submitted_400" time="0.369" /><testcase classname="tests.test_wholesaler_phase2.TestOrderLifecycle" name="test_reject_empty_reason_422" time="3.387" /><testcase classname="tests.test_wholesaler_phase2.TestOrderLifecycle" name="test_modify_partial_then_backorder" time="3.141" /><testcase classname="tests.test_wholesaler_phase2.TestOrderLifecycle" name="test_cancel_releases_reservations" time="4.404" /><testcase classname="tests.test_wholesaler_phase2.TestFulfillment" name="test_list_fulfillments" time="0.371" /><testcase classname="tests.test_wholesaler_phase2.TestFulfillment" name="test_get_fulfillment_detail" time="0.730" /><testcase classname="tests.test_wholesaler_phase2.TestFulfillment" name="test_full_workflow_allocated_to_dispatched" time="4.683" /><testcase classname="tests.test_wholesaler_phase2.TestFulfillment" name="test_bad_transition_400" time="0.365" /><testcase classname="tests.test_wholesaler_phase2.TestFulfillment" name="test_report_shortage_flag" time="1.229" /><testcase classname="tests.test_wholesaler_phase2.TestShipments" name="test_dashboard" time="0.365" /><testcase classname="tests.test_wholesaler_phase2.TestShipments" name="test_list" time="0.363" /><testcase classname="tests.test_wholesaler_phase2.TestShipments" name="test_detail" time="0.728" /><testcase classname="tests.test_wholesaler_phase2.TestShipments" name="test_transitions_loaded_to_delivered" time="2.460" /><testcase classname="tests.test_wholesaler_phase2.TestShipments" name="test_delay_then_cancel" time="9.587" /><testcase classname="tests.test_wholesaler_phase2.TestIsolation" name="test_unauthenticated_401" time="0.197" /><testcase classname="tests.test_wholesaler_phase2.TestIsolation" name="test_retailer_403" time="0.816" /><testcase classname="tests.test_wholesaler_phase2.TestIsolation" name="test_cross_tenant_manufacturer_403" time="1.236" /><testcase classname="tests.test_wholesaler_phase2.TestIsolation" name="test_super_admin_200" time="0.819" /><testcase classname="tests.test_wholesaler_phase2.TestPhase1Regression" name="test_overview" time="1.211" /><testcase classname="tests.test_wholesaler_phase2.TestPhase1Regression" name="test_inventory" time="0.899" /><testcase classname="tests.test_wholesaler_phase2.TestPhase1Regression" name="test_procurement_orders" time="0.686" /><testcase classname="tests.test_wholesaler_phase2.TestPhase1Regression" name="test_distributors" time="1.224" /></testsuite></testsuites>